Comienza a procesar la imagen
vie abr 17 21:37:49 CEST 2015 Comienza a procesar la imagen
vie abr 17 21:38:53 CEST 2015 vie abr 17 21:38:53 CEST 2015 Comienza a procesar la imagen
vie abr 17 23:25:06 CEST 2015 - getXML - Recoge el XML del Servidor
vie abr 17 23:25:08 CEST 2015 - traduceXML - Traduce el XML a Fichero con Tabla de Llegadas
vie abr 17 23:25:08 CEST 2015 - Comienza a procesar la imagen
El fichero de rutas esta vacio.
vie abr 17 23:25:08 CEST 2015 - Backup de la informacion
vie abr 17 23:34:01 CEST 2015 - getXML - Recoge el XML del Servidor
vie abr 17 23:34:03 CEST 2015 - traduceXML - Traduce el XML a Fichero con Tabla de Llegadas
vie abr 17 23:34:03 CEST 2015 - Comienza a procesar la imagen
vie abr 17 23:34:03 CEST 2015 - Backup de la informacion
vie abr 17 23:34:31 CEST 2015 - getXML - Recoge el XML del Servidor
vie abr 17 23:34:32 CEST 2015 - traduceXML - Traduce el XML a Fichero con Tabla de Llegadas
vie abr 17 23:34:32 CEST 2015 - Comienza a procesar la imagen
El fichero de rutas esta vacio.
vie abr 17 23:34:32 CEST 2015 - Backup de la informacion
vie abr 17 23:35:01 CEST 2015 - getXML - Recoge el XML del Servidor
vie abr 17 23:35:01 CEST 2015 - traduceXML - Traduce el XML a Fichero con Tabla de Llegadas
vie abr 17 23:35:01 CEST 2015 - Comienza a procesar la imagen
vie abr 17 23:35:01 CEST 2015 - Backup de la informacion
vie abr 17 23:35:31 CEST 2015 - getXML - Recoge el XML del Servidor
vie abr 17 23:35:32 CEST 2015 - traduceXML - Traduce el XML a Fichero con Tabla de Llegadas
vie abr 17 23:35:32 CEST 2015 - Comienza a procesar la imagen
El fichero de rutas esta vacio.
vie abr 17 23:35:32 CEST 2015 - Backup de la informacion
vie abr 17 23:36:01 CEST 2015 - getXML - Recoge el XML del Servidor
vie abr 17 23:36:01 CEST 2015 - traduceXML - Traduce el XML a Fichero con Tabla de Llegadas
vie abr 17 23:36:01 CEST 2015 - Comienza a procesar la imagen
vie abr 17 23:36:01 CEST 2015 - Backup de la informacion
vie abr 17 23:36:31 CEST 2015 - getXML - Recoge el XML del Servidor
vie abr 17 23:36:31 CEST 2015 - traduceXML - Traduce el XML a Fichero con Tabla de Llegadas
vie abr 17 23:36:31 CEST 2015 - Comienza a procesar la imagen
El fichero de rutas esta vacio.
vie abr 17 23:36:31 CEST 2015 - Backup de la informacion
vie abr 17 23:37:01 CEST 2015 - getXML - Recoge el XML del Servidor
vie abr 17 23:37:02 CEST 2015 - traduceXML - Traduce el XML a Fichero con Tabla de Llegadas
vie abr 17 23:37:02 CEST 2015 - Comienza a procesar la imagen
vie abr 17 23:37:02 CEST 2015 - Backup de la informacion
vie abr 17 23:37:31 CEST 2015 - getXML - Recoge el XML del Servidor
vie abr 17 23:37:32 CEST 2015 - traduceXML - Traduce el XML a Fichero con Tabla de Llegadas
vie abr 17 23:37:32 CEST 2015 - Comienza a procesar la imagen
El fichero de rutas esta vacio.
vie abr 17 23:37:32 CEST 2015 - Backup de la informacion
vie abr 17 23:38:01 CEST 2015 - getXML - Recoge el XML del Servidor
vie abr 17 23:38:02 CEST 2015 - traduceXML - Traduce el XML a Fichero con Tabla de Llegadas
vie abr 17 23:38:02 CEST 2015 - Comienza a procesar la imagen
El fichero de rutas esta vacio.
vie abr 17 23:38:02 CEST 2015 - Backup de la informacion
vie abr 17 23:38:31 CEST 2015 - getXML - Recoge el XML del Servidor
vie abr 17 23:38:35 CEST 2015 - traduceXML - Traduce el XML a Fichero con Tabla de Llegadas
vie abr 17 23:38:35 CEST 2015 - Comienza a procesar la imagen
El fichero de rutas esta vacio.
vie abr 17 23:38:35 CEST 2015 - Backup de la informacion
vie abr 17 23:39:01 CEST 2015 - getXML - Recoge el XML del Servidor
vie abr 17 23:39:02 CEST 2015 - traduceXML - Traduce el XML a Fichero con Tabla de Llegadas
vie abr 17 23:39:02 CEST 2015 - Comienza a procesar la imagen
El fichero de rutas esta vacio.
vie abr 17 23:39:02 CEST 2015 - Backup de la informacion
vie abr 17 23:39:31 CEST 2015 - getXML - Recoge el XML del Servidor
vie abr 17 23:39:32 CEST 2015 - traduceXML - Traduce el XML a Fichero con Tabla de Llegadas
vie abr 17 23:39:32 CEST 2015 - Comienza a procesar la imagen
El fichero de rutas esta vacio.
vie abr 17 23:39:32 CEST 2015 - Backup de la informacion
vie abr 17 23:40:01 CEST 2015 - getXML - Recoge el XML del Servidor
vie abr 17 23:40:02 CEST 2015 - traduceXML - Traduce el XML a Fichero con Tabla de Llegadas
vie abr 17 23:40:02 CEST 2015 - Comienza a procesar la imagen
vie abr 17 23:40:02 CEST 2015 - Backup de la informacion
vie abr 17 23:40:31 CEST 2015 - getXML - Recoge el XML del Servidor
vie abr 17 23:40:32 CEST 2015 - traduceXML - Traduce el XML a Fichero con Tabla de Llegadas
vie abr 17 23:40:32 CEST 2015 - Comienza a procesar la imagen
El fichero de rutas esta vacio.
vie abr 17 23:40:32 CEST 2015 - Backup de la informacion
vie abr 17 23:41:01 CEST 2015 - getXML - Recoge el XML del Servidor
vie abr 17 23:41:02 CEST 2015 - traduceXML - Traduce el XML a Fichero con Tabla de Llegadas
vie abr 17 23:41:02 CEST 2015 - Comienza a procesar la imagen
El fichero de rutas esta vacio.
vie abr 17 23:41:02 CEST 2015 - Backup de la informacion
vie abr 17 23:41:31 CEST 2015 - getXML - Recoge el XML del Servidor
vie abr 17 23:41:33 CEST 2015 - traduceXML - Traduce el XML a Fichero con Tabla de Llegadas
vie abr 17 23:41:33 CEST 2015 - Comienza a procesar la imagen
El fichero de rutas esta vacio.
vie abr 17 23:41:33 CEST 2015 - Backup de la informacion
vie abr 17 23:42:01 CEST 2015 - getXML - Recoge el XML del Servidor
vie abr 17 23:42:01 CEST 2015 - traduceXML - Traduce el XML a Fichero con Tabla de Llegadas
vie abr 17 23:42:01 CEST 2015 - Comienza a procesar la imagen
El fichero de rutas esta vacio.
vie abr 17 23:42:01 CEST 2015 - Backup de la informacion
vie abr 17 23:42:31 CEST 2015 - getXML - Recoge el XML del Servidor
vie abr 17 23:42:34 CEST 2015 - traduceXML - Traduce el XML a Fichero con Tabla de Llegadas
vie abr 17 23:42:34 CEST 2015 - Comienza a procesar la imagen
El fichero de rutas esta vacio.
vie abr 17 23:42:34 CEST 2015 - Backup de la informacion
vie abr 17 23:43:01 CEST 2015 - getXML - Recoge el XML del Servidor
vie abr 17 23:43:02 CEST 2015 - traduceXML - Traduce el XML a Fichero con Tabla de Llegadas
vie abr 17 23:43:02 CEST 2015 - Comienza a procesar la imagen
El fichero de rutas esta vacio.
vie abr 17 23:43:02 CEST 2015 - Backup de la informacion
vie abr 17 23:43:31 CEST 2015 - getXML - Recoge el XML del Servidor
vie abr 17 23:43:35 CEST 2015 - traduceXML - Traduce el XML a Fichero con Tabla de Llegadas
vie abr 17 23:43:35 CEST 2015 - Comienza a procesar la imagen
El fichero de rutas esta vacio.
vie abr 17 23:43:35 CEST 2015 - Backup de la informacion
vie abr 17 23:44:01 CEST 2015 - getXML - Recoge el XML del Servidor
vie abr 17 23:44:02 CEST 2015 - traduceXML - Traduce el XML a Fichero con Tabla de Llegadas
vie abr 17 23:44:02 CEST 2015 - Comienza a procesar la imagen
El fichero de rutas esta vacio.
vie abr 17 23:44:02 CEST 2015 - Backup de la informacion
vie abr 17 23:44:31 CEST 2015 - getXML - Recoge el XML del Servidor
vie abr 17 23:44:35 CEST 2015 - traduceXML - Traduce el XML a Fichero con Tabla de Llegadas
vie abr 17 23:44:35 CEST 2015 - Comienza a procesar la imagen
vie abr 17 23:44:35 CEST 2015 - Backup de la informacion
vie abr 17 23:45:01 CEST 2015 - getXML - Recoge el XML del Servidor
vie abr 17 23:45:02 CEST 2015 - traduceXML - Traduce el XML a Fichero con Tabla de Llegadas
vie abr 17 23:45:02 CEST 2015 - Comienza a procesar la imagen
El fichero de rutas esta vacio.
vie abr 17 23:45:02 CEST 2015 - Backup de la informacion
vie abr 17 23:45:31 CEST 2015 - getXML - Recoge el XML del Servidor
vie abr 17 23:45:34 CEST 2015 - traduceXML - Traduce el XML a Fichero con Tabla de Llegadas
vie abr 17 23:45:34 CEST 2015 - Comienza a procesar la imagen
vie abr 17 23:45:34 CEST 2015 - Backup de la informacion
vie abr 17 23:46:01 CEST 2015 - getXML - Recoge el XML del Servidor
vie abr 17 23:46:02 CEST 2015 - traduceXML - Traduce el XML a Fichero con Tabla de Llegadas
vie abr 17 23:46:02 CEST 2015 - Comienza a procesar la imagen
El fichero de rutas esta vacio.
vie abr 17 23:46:02 CEST 2015 - Backup de la informacion
vie abr 17 23:46:31 CEST 2015 - getXML - Recoge el XML del Servidor
vie abr 17 23:46:32 CEST 2015 - traduceXML - Traduce el XML a Fichero con Tabla de Llegadas
vie abr 17 23:46:32 CEST 2015 - Comienza a procesar la imagen
El fichero de rutas esta vacio.
vie abr 17 23:46:32 CEST 2015 - Backup de la informacion
vie abr 17 23:47:01 CEST 2015 - getXML - Recoge el XML del Servidor
vie abr 17 23:47:02 CEST 2015 - traduceXML - Traduce el XML a Fichero con Tabla de Llegadas
vie abr 17 23:47:02 CEST 2015 - Comienza a procesar la imagen
El fichero de rutas esta vacio.
vie abr 17 23:47:02 CEST 2015 - Backup de la informacion
vie abr 17 23:47:31 CEST 2015 - getXML - Recoge el XML del Servidor
vie abr 17 23:47:32 CEST 2015 - traduceXML - Traduce el XML a Fichero con Tabla de Llegadas
vie abr 17 23:47:32 CEST 2015 - Comienza a procesar la imagen
vie abr 17 23:47:32 CEST 2015 - Backup de la informacion
vie abr 17 23:48:01 CEST 2015 - getXML - Recoge el XML del Servidor
vie abr 17 23:48:02 CEST 2015 - traduceXML - Traduce el XML a Fichero con Tabla de Llegadas
vie abr 17 23:48:02 CEST 2015 - Comienza a procesar la imagen
El fichero de rutas esta vacio.
vie abr 17 23:48:02 CEST 2015 - Backup de la informacion
vie abr 17 23:48:31 CEST 2015 - getXML - Recoge el XML del Servidor
vie abr 17 23:48:32 CEST 2015 - traduceXML - Traduce el XML a Fichero con Tabla de Llegadas
vie abr 17 23:48:32 CEST 2015 - Comienza a procesar la imagen
El fichero de rutas esta vacio.
vie abr 17 23:48:32 CEST 2015 - Backup de la informacion
sáb abr 18 00:17:49 CEST 2015 - getXML - Recoge el XML del Servidor
sáb abr 18 00:17:51 CEST 2015 - traduceXML - Traduce el XML a Fichero con Tabla de Llegadas
sáb abr 18 00:17:51 CEST 2015 - Comienza a procesar la imagen
sáb abr 18 00:17:51 CEST 2015 - Backup de la informacion
sáb abr 18 00:18:53 CEST 2015 - getXML - Recoge el XML del Servidor
sáb abr 18 00:18:55 CEST 2015 - traduceXML - Traduce el XML a Fichero con Tabla de Llegadas
sáb abr 18 00:18:55 CEST 2015 - Comienza a procesar la imagen
sáb abr 18 00:18:55 CEST 2015 - Backup de la informacion
sáb abr 18 00:19:14 CEST 2015 - getXML - Recoge el XML del Servidor
sáb abr 18 00:19:16 CEST 2015 - traduceXML - Traduce el XML a Fichero con Tabla de Llegadas
sáb abr 18 00:19:16 CEST 2015 - Comienza a procesar la imagen
sáb abr 18 00:19:16 CEST 2015 - Backup de la informacion
sáb abr 18 00:19:17 CEST 2015 - getXML - Recoge el XML del Servidor
sáb abr 18 00:19:18 CEST 2015 - traduceXML - Traduce el XML a Fichero con Tabla de Llegadas
sáb abr 18 00:19:18 CEST 2015 - Comienza a procesar la imagen
sáb abr 18 00:19:18 CEST 2015 - Backup de la informacion
sáb abr 18 00:19:18 CEST 2015 - getXML - Recoge el XML del Servidor
sáb abr 18 00:19:21 CEST 2015 - traduceXML - Traduce el XML a Fichero con Tabla de Llegadas
sáb abr 18 00:19:21 CEST 2015 - Comienza a procesar la imagen
sáb abr 18 00:19:21 CEST 2015 - Backup de la informacion
sáb abr 18 00:19:22 CEST 2015 - getXML - Recoge el XML del Servidor
sáb abr 18 00:19:24 CEST 2015 - traduceXML - Traduce el XML a Fichero con Tabla de Llegadas
sáb abr 18 00:19:24 CEST 2015 - Comienza a procesar la imagen
sáb abr 18 00:19:24 CEST 2015 - Backup de la informacion
sáb abr 18 00:19:24 CEST 2015 - getXML - Recoge el XML del Servidor
sáb abr 18 00:19:25 CEST 2015 - traduceXML - Traduce el XML a Fichero con Tabla de Llegadas
sáb abr 18 00:19:25 CEST 2015 - Comienza a procesar la imagen
sáb abr 18 00:19:25 CEST 2015 - Backup de la informacion
sáb abr 18 00:19:28 CEST 2015 - getXML - Recoge el XML del Servidor
sáb abr 18 00:19:29 CEST 2015 - traduceXML - Traduce el XML a Fichero con Tabla de Llegadas
sáb abr 18 00:19:29 CEST 2015 - Comienza a procesar la imagen
sáb abr 18 00:19:29 CEST 2015 - Backup de la informacion
sáb abr 18 00:19:29 CEST 2015 - getXML - Recoge el XML del Servidor
sáb abr 18 00:19:30 CEST 2015 - traduceXML - Traduce el XML a Fichero con Tabla de Llegadas
sáb abr 18 00:19:30 CEST 2015 - Comienza a procesar la imagen
sáb abr 18 00:19:30 CEST 2015 - Backup de la informacion
sáb abr 18 00:19:31 CEST 2015 - getXML - Recoge el XML del Servidor
sáb abr 18 00:19:32 CEST 2015 - traduceXML - Traduce el XML a Fichero con Tabla de Llegadas
sáb abr 18 00:19:32 CEST 2015 - Comienza a procesar la imagen
sáb abr 18 00:19:32 CEST 2015 - Backup de la informacion
sáb abr 18 00:19:32 CEST 2015 - getXML - Recoge el XML del Servidor
sáb abr 18 00:19:33 CEST 2015 - traduceXML - Traduce el XML a Fichero con Tabla de Llegadas
sáb abr 18 00:19:33 CEST 2015 - Comienza a procesar la imagen
sáb abr 18 00:19:33 CEST 2015 - Backup de la informacion
sáb abr 18 10:45:01 CEST 2015 - getXML - Recoge el XML del Servidor
sáb abr 18 10:45:01 CEST 2015 - traduceXML - Traduce el XML a Fichero con Tabla de Llegadas
sáb abr 18 10:45:01 CEST 2015 - Comienza a procesar la imagen
sáb abr 18 10:45:01 CEST 2015 - Backup de la informacion
sáb abr 18 10:45:31 CEST 2015 - getXML - Recoge el XML del Servidor
sáb abr 18 10:45:32 CEST 2015 - traduceXML - Traduce el XML a Fichero con Tabla de Llegadas
sáb abr 18 10:45:32 CEST 2015 - Comienza a procesar la imagen
sáb abr 18 10:45:32 CEST 2015 - Backup de la informacion
sáb abr 18 10:46:01 CEST 2015 - getXML - Recoge el XML del Servidor
sáb abr 18 10:46:02 CEST 2015 - traduceXML - Traduce el XML a Fichero con Tabla de Llegadas
sáb abr 18 10:46:02 CEST 2015 - Comienza a procesar la imagen
sáb abr 18 10:46:02 CEST 2015 - Backup de la informacion
sáb abr 18 10:46:31 CEST 2015 - getXML - Recoge el XML del Servidor
sáb abr 18 10:46:32 CEST 2015 - traduceXML - Traduce el XML a Fichero con Tabla de Llegadas
sáb abr 18 10:46:32 CEST 2015 - Comienza a procesar la imagen
sáb abr 18 10:46:32 CEST 2015 - Backup de la informacion
sáb abr 18 10:47:01 CEST 2015 - getXML - Recoge el XML del Servidor
sáb abr 18 10:47:02 CEST 2015 - traduceXML - Traduce el XML a Fichero con Tabla de Llegadas
sáb abr 18 10:47:02 CEST 2015 - Comienza a procesar la imagen
sáb abr 18 10:47:02 CEST 2015 - Backup de la informacion
sáb abr 18 10:47:31 CEST 2015 - getXML - Recoge el XML del Servidor
sáb abr 18 10:47:33 CEST 2015 - traduceXML - Traduce el XML a Fichero con Tabla de Llegadas
sáb abr 18 10:47:33 CEST 2015 - Comienza a procesar la imagen
sáb abr 18 10:47:33 CEST 2015 - Backup de la informacion
sáb abr 18 10:48:01 CEST 2015 - getXML - Recoge el XML del Servidor
sáb abr 18 10:48:02 CEST 2015 - traduceXML - Traduce el XML a Fichero con Tabla de Llegadas
sáb abr 18 10:48:02 CEST 2015 - Comienza a procesar la imagen
sáb abr 18 10:48:02 CEST 2015 - Backup de la informacion
sáb abr 18 10:48:31 CEST 2015 - getXML - Recoge el XML del Servidor
sáb abr 18 10:48:32 CEST 2015 - traduceXML - Traduce el XML a Fichero con Tabla de Llegadas
sáb abr 18 10:48:32 CEST 2015 - Comienza a procesar la imagen
sáb abr 18 10:48:32 CEST 2015 - Backup de la informacion
sáb abr 18 10:49:01 CEST 2015 - getXML - Recoge el XML del Servidor
sáb abr 18 10:49:02 CEST 2015 - traduceXML - Traduce el XML a Fichero con Tabla de Llegadas
sáb abr 18 10:49:02 CEST 2015 - Comienza a procesar la imagen
sáb abr 18 10:49:02 CEST 2015 - Backup de la informacion
sáb abr 18 10:49:31 CEST 2015 - getXML - Recoge el XML del Servidor
sáb abr 18 10:49:32 CEST 2015 - traduceXML - Traduce el XML a Fichero con Tabla de Llegadas
sáb abr 18 10:49:32 CEST 2015 - Comienza a procesar la imagen
sáb abr 18 10:49:32 CEST 2015 - Backup de la informacion
sáb abr 18 10:50:01 CEST 2015 - getXML - Recoge el XML del Servidor
sáb abr 18 10:50:02 CEST 2015 - traduceXML - Traduce el XML a Fichero con Tabla de Llegadas
sáb abr 18 10:50:02 CEST 2015 - Comienza a procesar la imagen
sáb abr 18 10:50:02 CEST 2015 - Backup de la informacion
sáb abr 18 10:50:31 CEST 2015 - getXML - Recoge el XML del Servidor
sáb abr 18 10:50:33 CEST 2015 - traduceXML - Traduce el XML a Fichero con Tabla de Llegadas
sáb abr 18 10:50:33 CEST 2015 - Comienza a procesar la imagen
sáb abr 18 10:50:33 CEST 2015 - Backup de la informacion
sáb abr 18 10:51:01 CEST 2015 - getXML - Recoge el XML del Servidor
sáb abr 18 10:51:02 CEST 2015 - traduceXML - Traduce el XML a Fichero con Tabla de Llegadas
sáb abr 18 10:51:02 CEST 2015 - Comienza a procesar la imagen
sáb abr 18 10:51:02 CEST 2015 - Backup de la informacion
sáb abr 18 10:51:31 CEST 2015 - getXML - Recoge el XML del Servidor
sáb abr 18 10:51:32 CEST 2015 - traduceXML - Traduce el XML a Fichero con Tabla de Llegadas
sáb abr 18 10:51:32 CEST 2015 - Comienza a procesar la imagen
sáb abr 18 10:51:32 CEST 2015 - Backup de la informacion
sáb abr 18 10:52:01 CEST 2015 - getXML - Recoge el XML del Servidor
sáb abr 18 10:52:02 CEST 2015 - traduceXML - Traduce el XML a Fichero con Tabla de Llegadas
sáb abr 18 10:52:02 CEST 2015 - Comienza a procesar la imagen
sáb abr 18 10:52:02 CEST 2015 - Backup de la informacion
sáb abr 18 10:52:03 CEST 2015 - getXML - Recoge el XML del Servidor
sáb abr 18 10:52:06 CEST 2015 - traduceXML - Traduce el XML a Fichero con Tabla de Llegadas
sáb abr 18 10:52:06 CEST 2015 - Comienza a procesar la imagen
sáb abr 18 10:52:06 CEST 2015 - Backup de la informacion
sáb abr 18 10:52:31 CEST 2015 - getXML - Recoge el XML del Servidor
sáb abr 18 10:52:32 CEST 2015 - traduceXML - Traduce el XML a Fichero con Tabla de Llegadas
sáb abr 18 10:52:32 CEST 2015 - Comienza a procesar la imagen
sáb abr 18 10:52:32 CEST 2015 - Backup de la informacion
sáb abr 18 10:53:01 CEST 2015 - getXML - Recoge el XML del Servidor
sáb abr 18 10:53:02 CEST 2015 - traduceXML - Traduce el XML a Fichero con Tabla de Llegadas
sáb abr 18 10:53:02 CEST 2015 - Comienza a procesar la imagen
sáb abr 18 10:53:02 CEST 2015 - Backup de la informacion
sáb abr 18 10:53:31 CEST 2015 - getXML - Recoge el XML del Servidor
sáb abr 18 10:53:33 CEST 2015 - traduceXML - Traduce el XML a Fichero con Tabla de Llegadas
sáb abr 18 10:53:33 CEST 2015 - Comienza a procesar la imagen
sáb abr 18 10:53:33 CEST 2015 - Backup de la informacion
sáb abr 18 10:54:01 CEST 2015 - getXML - Recoge el XML del Servidor
sáb abr 18 10:54:02 CEST 2015 - traduceXML - Traduce el XML a Fichero con Tabla de Llegadas
sáb abr 18 10:54:02 CEST 2015 - Comienza a procesar la imagen
sáb abr 18 10:54:02 CEST 2015 - Backup de la informacion
sáb abr 18 10:54:31 CEST 2015 - getXML - Recoge el XML del Servidor
sáb abr 18 10:54:31 CEST 2015 - traduceXML - Traduce el XML a Fichero con Tabla de Llegadas
sáb abr 18 10:54:31 CEST 2015 - Comienza a procesar la imagen
sáb abr 18 10:54:31 CEST 2015 - Backup de la informacion
sáb abr 18 10:55:01 CEST 2015 - getXML - Recoge el XML del Servidor
sáb abr 18 10:55:03 CEST 2015 - traduceXML - Traduce el XML a Fichero con Tabla de Llegadas
sáb abr 18 10:55:03 CEST 2015 - Comienza a procesar la imagen
sáb abr 18 10:55:03 CEST 2015 - Backup de la informacion
sáb abr 18 10:55:31 CEST 2015 - getXML - Recoge el XML del Servidor
sáb abr 18 10:55:32 CEST 2015 - traduceXML - Traduce el XML a Fichero con Tabla de Llegadas
sáb abr 18 10:55:32 CEST 2015 - Comienza a procesar la imagen
sáb abr 18 10:55:32 CEST 2015 - Backup de la informacion
sáb abr 18 10:56:01 CEST 2015 - getXML - Recoge el XML del Servidor
sáb abr 18 10:56:02 CEST 2015 - traduceXML - Traduce el XML a Fichero con Tabla de Llegadas
sáb abr 18 10:56:02 CEST 2015 - Comienza a procesar la imagen
sáb abr 18 10:56:02 CEST 2015 - Backup de la informacion
sáb abr 18 10:56:31 CEST 2015 - getXML - Recoge el XML del Servidor
sáb abr 18 10:56:32 CEST 2015 - traduceXML - Traduce el XML a Fichero con Tabla de Llegadas
sáb abr 18 10:56:32 CEST 2015 - Comienza a procesar la imagen
sáb abr 18 10:56:32 CEST 2015 - Backup de la informacion
sáb abr 18 10:57:01 CEST 2015 - getXML - Recoge el XML del Servidor
sáb abr 18 10:57:02 CEST 2015 - traduceXML - Traduce el XML a Fichero con Tabla de Llegadas
sáb abr 18 10:57:02 CEST 2015 - Comienza a procesar la imagen
sáb abr 18 10:57:02 CEST 2015 - Backup de la informacion
sáb abr 18 10:57:31 CEST 2015 - getXML - Recoge el XML del Servidor
sáb abr 18 10:57:32 CEST 2015 - traduceXML - Traduce el XML a Fichero con Tabla de Llegadas
sáb abr 18 10:57:32 CEST 2015 - Comienza a procesar la imagen
sáb abr 18 10:57:32 CEST 2015 - Backup de la informacion
sáb abr 18 10:58:01 CEST 2015 - getXML - Recoge el XML del Servidor
sáb abr 18 10:58:02 CEST 2015 - traduceXML - Traduce el XML a Fichero con Tabla de Llegadas
sáb abr 18 10:58:02 CEST 2015 - Comienza a procesar la imagen
sáb abr 18 10:58:02 CEST 2015 - Backup de la informacion
sáb abr 18 10:58:31 CEST 2015 - getXML - Recoge el XML del Servidor
sáb abr 18 10:58:32 CEST 2015 - traduceXML - Traduce el XML a Fichero con Tabla de Llegadas
sáb abr 18 10:58:32 CEST 2015 - Comienza a procesar la imagen
sáb abr 18 10:58:32 CEST 2015 - Backup de la informacion
sáb abr 18 10:59:01 CEST 2015 - getXML - Recoge el XML del Servidor
sáb abr 18 10:59:03 CEST 2015 - traduceXML - Traduce el XML a Fichero con Tabla de Llegadas
sáb abr 18 10:59:03 CEST 2015 - Comienza a procesar la imagen
sáb abr 18 10:59:03 CEST 2015 - Backup de la informacion
sáb abr 18 10:59:31 CEST 2015 - getXML - Recoge el XML del Servidor
sáb abr 18 10:59:32 CEST 2015 - traduceXML - Traduce el XML a Fichero con Tabla de Llegadas
sáb abr 18 10:59:32 CEST 2015 - Comienza a procesar la imagen
sáb abr 18 10:59:32 CEST 2015 - Backup de la informacion
sáb abr 18 11:00:01 CEST 2015 - getXML - Recoge el XML del Servidor
sáb abr 18 11:00:02 CEST 2015 - traduceXML - Traduce el XML a Fichero con Tabla de Llegadas
sáb abr 18 11:00:02 CEST 2015 - Comienza a procesar la imagen
sáb abr 18 11:00:02 CEST 2015 - Backup de la informacion
sáb abr 18 11:00:31 CEST 2015 - getXML - Recoge el XML del Servidor
sáb abr 18 11:00:32 CEST 2015 - traduceXML - Traduce el XML a Fichero con Tabla de Llegadas
sáb abr 18 11:00:32 CEST 2015 - Comienza a procesar la imagen
sáb abr 18 11:00:32 CEST 2015 - Backup de la informacion
sáb abr 18 11:01:01 CEST 2015 - getXML - Recoge el XML del Servidor
sáb abr 18 11:01:07 CEST 2015 - traduceXML - Traduce el XML a Fichero con Tabla de Llegadas
sáb abr 18 11:01:07 CEST 2015 - Comienza a procesar la imagen
sáb abr 18 11:01:07 CEST 2015 - Backup de la informacion
sáb abr 18 11:01:31 CEST 2015 - getXML - Recoge el XML del Servidor
sáb abr 18 11:01:32 CEST 2015 - traduceXML - Traduce el XML a Fichero con Tabla de Llegadas
sáb abr 18 11:01:33 CEST 2015 - Comienza a procesar la imagen
sáb abr 18 11:01:33 CEST 2015 - Backup de la informacion
sáb abr 18 11:02:01 CEST 2015 - getXML - Recoge el XML del Servidor
sáb abr 18 11:02:03 CEST 2015 - traduceXML - Traduce el XML a Fichero con Tabla de Llegadas
sáb abr 18 11:02:03 CEST 2015 - Comienza a procesar la imagen
sáb abr 18 11:02:03 CEST 2015 - Backup de la informacion
sáb abr 18 11:02:31 CEST 2015 - getXML - Recoge el XML del Servidor
sáb abr 18 11:02:33 CEST 2015 - traduceXML - Traduce el XML a Fichero con Tabla de Llegadas
sáb abr 18 11:02:33 CEST 2015 - Comienza a procesar la imagen
sáb abr 18 11:02:33 CEST 2015 - Backup de la informacion
sáb abr 18 11:03:01 CEST 2015 - getXML - Recoge el XML del Servidor
sáb abr 18 11:03:04 CEST 2015 - traduceXML - Traduce el XML a Fichero con Tabla de Llegadas
sáb abr 18 11:03:04 CEST 2015 - Comienza a procesar la imagen
sáb abr 18 11:03:04 CEST 2015 - Backup de la informacion
sáb abr 18 11:03:31 CEST 2015 - getXML - Recoge el XML del Servidor
sáb abr 18 11:03:33 CEST 2015 - traduceXML - Traduce el XML a Fichero con Tabla de Llegadas
sáb abr 18 11:03:33 CEST 2015 - Comienza a procesar la imagen
sáb abr 18 11:03:33 CEST 2015 - Backup de la informacion
sáb abr 18 11:04:01 CEST 2015 - getXML - Recoge el XML del Servidor
sáb abr 18 11:04:02 CEST 2015 - traduceXML - Traduce el XML a Fichero con Tabla de Llegadas
sáb abr 18 11:04:02 CEST 2015 - Comienza a procesar la imagen
sáb abr 18 11:04:02 CEST 2015 - Backup de la informacion
sáb abr 18 11:04:31 CEST 2015 - getXML - Recoge el XML del Servidor
sáb abr 18 11:04:32 CEST 2015 - traduceXML - Traduce el XML a Fichero con Tabla de Llegadas
sáb abr 18 11:04:32 CEST 2015 - Comienza a procesar la imagen
sáb abr 18 11:04:32 CEST 2015 - Backup de la informacion
sáb abr 18 11:05:01 CEST 2015 - getXML - Recoge el XML del Servidor
sáb abr 18 11:05:05 CEST 2015 - traduceXML - Traduce el XML a Fichero con Tabla de Llegadas
sáb abr 18 11:05:05 CEST 2015 - Comienza a procesar la imagen
sáb abr 18 11:05:05 CEST 2015 - Backup de la informacion
sáb abr 18 11:05:31 CEST 2015 - getXML - Recoge el XML del Servidor
sáb abr 18 11:05:34 CEST 2015 - traduceXML - Traduce el XML a Fichero con Tabla de Llegadas
sáb abr 18 11:05:34 CEST 2015 - Comienza a procesar la imagen
sáb abr 18 11:05:34 CEST 2015 - Backup de la informacion
sáb abr 18 11:06:01 CEST 2015 - getXML - Recoge el XML del Servidor
sáb abr 18 11:06:02 CEST 2015 - traduceXML - Traduce el XML a Fichero con Tabla de Llegadas
sáb abr 18 11:06:02 CEST 2015 - Comienza a procesar la imagen
sáb abr 18 11:06:02 CEST 2015 - Backup de la informacion
sáb abr 18 11:06:31 CEST 2015 - getXML - Recoge el XML del Servidor
sáb abr 18 11:06:33 CEST 2015 - traduceXML - Traduce el XML a Fichero con Tabla de Llegadas
sáb abr 18 11:06:33 CEST 2015 - Comienza a procesar la imagen
sáb abr 18 11:06:33 CEST 2015 - Backup de la informacion
sáb abr 18 11:07:01 CEST 2015 - getXML - Recoge el XML del Servidor
sáb abr 18 11:07:02 CEST 2015 - traduceXML - Traduce el XML a Fichero con Tabla de Llegadas
sáb abr 18 11:07:02 CEST 2015 - Comienza a procesar la imagen
sáb abr 18 11:07:02 CEST 2015 - Backup de la informacion
sáb abr 18 11:07:31 CEST 2015 - getXML - Recoge el XML del Servidor
sáb abr 18 11:07:32 CEST 2015 - traduceXML - Traduce el XML a Fichero con Tabla de Llegadas
sáb abr 18 11:07:32 CEST 2015 - Comienza a procesar la imagen
sáb abr 18 11:07:32 CEST 2015 - Backup de la informacion
sáb abr 18 11:08:01 CEST 2015 - getXML - Recoge el XML del Servidor
sáb abr 18 11:08:02 CEST 2015 - traduceXML - Traduce el XML a Fichero con Tabla de Llegadas
sáb abr 18 11:08:02 CEST 2015 - Comienza a procesar la imagen
sáb abr 18 11:08:02 CEST 2015 - Backup de la informacion
sáb abr 18 11:08:31 CEST 2015 - getXML - Recoge el XML del Servidor
sáb abr 18 11:08:32 CEST 2015 - traduceXML - Traduce el XML a Fichero con Tabla de Llegadas
sáb abr 18 11:08:32 CEST 2015 - Comienza a procesar la imagen
sáb abr 18 11:08:32 CEST 2015 - Backup de la informacion
sáb abr 18 11:09:01 CEST 2015 - getXML - Recoge el XML del Servidor
sáb abr 18 11:09:02 CEST 2015 - traduceXML - Traduce el XML a Fichero con Tabla de Llegadas
sáb abr 18 11:09:02 CEST 2015 - Comienza a procesar la imagen
sáb abr 18 11:09:02 CEST 2015 - Backup de la informacion
sáb abr 18 11:09:31 CEST 2015 - getXML - Recoge el XML del Servidor
sáb abr 18 11:09:33 CEST 2015 - traduceXML - Traduce el XML a Fichero con Tabla de Llegadas
sáb abr 18 11:09:33 CEST 2015 - Comienza a procesar la imagen
sáb abr 18 11:09:33 CEST 2015 - Backup de la informacion
sáb abr 18 11:10:01 CEST 2015 - getXML - Recoge el XML del Servidor
sáb abr 18 11:10:02 CEST 2015 - traduceXML - Traduce el XML a Fichero con Tabla de Llegadas
sáb abr 18 11:10:02 CEST 2015 - Comienza a procesar la imagen
sáb abr 18 11:10:02 CEST 2015 - Backup de la informacion
sáb abr 18 11:10:31 CEST 2015 - getXML - Recoge el XML del Servidor
sáb abr 18 11:10:32 CEST 2015 - traduceXML - Traduce el XML a Fichero con Tabla de Llegadas
sáb abr 18 11:10:32 CEST 2015 - Comienza a procesar la imagen
sáb abr 18 11:10:32 CEST 2015 - Backup de la informacion
sáb abr 18 11:11:01 CEST 2015 - getXML - Recoge el XML del Servidor
sáb abr 18 11:11:02 CEST 2015 - traduceXML - Traduce el XML a Fichero con Tabla de Llegadas
sáb abr 18 11:11:02 CEST 2015 - Comienza a procesar la imagen
sáb abr 18 11:11:02 CEST 2015 - Backup de la informacion
sáb abr 18 11:11:31 CEST 2015 - getXML - Recoge el XML del Servidor
sáb abr 18 11:11:33 CEST 2015 - traduceXML - Traduce el XML a Fichero con Tabla de Llegadas
sáb abr 18 11:11:33 CEST 2015 - Comienza a procesar la imagen
sáb abr 18 11:11:33 CEST 2015 - Backup de la informacion
sáb abr 18 11:12:01 CEST 2015 - getXML - Recoge el XML del Servidor
sáb abr 18 11:12:02 CEST 2015 - traduceXML - Traduce el XML a Fichero con Tabla de Llegadas
sáb abr 18 11:12:02 CEST 2015 - Comienza a procesar la imagen
sáb abr 18 11:12:02 CEST 2015 - Backup de la informacion
sáb abr 18 11:12:31 CEST 2015 - getXML - Recoge el XML del Servidor
sáb abr 18 11:12:32 CEST 2015 - traduceXML - Traduce el XML a Fichero con Tabla de Llegadas
sáb abr 18 11:12:32 CEST 2015 - Comienza a procesar la imagen
sáb abr 18 11:12:32 CEST 2015 - Backup de la informacion
sáb abr 18 11:13:01 CEST 2015 - getXML - Recoge el XML del Servidor
sáb abr 18 11:13:03 CEST 2015 - traduceXML - Traduce el XML a Fichero con Tabla de Llegadas
sáb abr 18 11:13:03 CEST 2015 - Comienza a procesar la imagen
sáb abr 18 11:13:03 CEST 2015 - Backup de la informacion
sáb abr 18 11:13:31 CEST 2015 - getXML - Recoge el XML del Servidor
sáb abr 18 11:13:33 CEST 2015 - traduceXML - Traduce el XML a Fichero con Tabla de Llegadas
sáb abr 18 11:13:33 CEST 2015 - Comienza a procesar la imagen
sáb abr 18 11:13:33 CEST 2015 - Backup de la informacion
sáb abr 18 11:14:01 CEST 2015 - getXML - Recoge el XML del Servidor
sáb abr 18 11:14:02 CEST 2015 - traduceXML - Traduce el XML a Fichero con Tabla de Llegadas
sáb abr 18 11:14:02 CEST 2015 - Comienza a procesar la imagen
sáb abr 18 11:14:02 CEST 2015 - Backup de la informacion
sáb abr 18 11:14:31 CEST 2015 - getXML - Recoge el XML del Servidor
sáb abr 18 11:14:33 CEST 2015 - traduceXML - Traduce el XML a Fichero con Tabla de Llegadas
sáb abr 18 11:14:33 CEST 2015 - Comienza a procesar la imagen
sáb abr 18 11:14:33 CEST 2015 - Backup de la informacion
sáb abr 18 11:15:01 CEST 2015 - getXML - Recoge el XML del Servidor
sáb abr 18 11:15:01 CEST 2015 - traduceXML - Traduce el XML a Fichero con Tabla de Llegadas
sáb abr 18 11:15:01 CEST 2015 - Comienza a procesar la imagen
sáb abr 18 11:15:01 CEST 2015 - Backup de la informacion
sáb abr 18 11:15:31 CEST 2015 - getXML - Recoge el XML del Servidor
sáb abr 18 11:15:32 CEST 2015 - traduceXML - Traduce el XML a Fichero con Tabla de Llegadas
sáb abr 18 11:15:32 CEST 2015 - Comienza a procesar la imagen
sáb abr 18 11:15:32 CEST 2015 - Backup de la informacion
sáb abr 18 11:16:01 CEST 2015 - getXML - Recoge el XML del Servidor
sáb abr 18 11:16:01 CEST 2015 - traduceXML - Traduce el XML a Fichero con Tabla de Llegadas
sáb abr 18 11:16:01 CEST 2015 - Comienza a procesar la imagen
sáb abr 18 11:16:02 CEST 2015 - Backup de la informacion
sáb abr 18 11:16:31 CEST 2015 - getXML - Recoge el XML del Servidor
sáb abr 18 11:16:32 CEST 2015 - traduceXML - Traduce el XML a Fichero con Tabla de Llegadas
sáb abr 18 11:16:32 CEST 2015 - Comienza a procesar la imagen
sáb abr 18 11:16:32 CEST 2015 - Backup de la informacion
sáb abr 18 11:17:01 CEST 2015 - getXML - Recoge el XML del Servidor
sáb abr 18 11:17:02 CEST 2015 - traduceXML - Traduce el XML a Fichero con Tabla de Llegadas
sáb abr 18 11:17:02 CEST 2015 - Comienza a procesar la imagen
sáb abr 18 11:17:02 CEST 2015 - Backup de la informacion
sáb abr 18 11:17:31 CEST 2015 - getXML - Recoge el XML del Servidor
sáb abr 18 11:17:32 CEST 2015 - traduceXML - Traduce el XML a Fichero con Tabla de Llegadas
sáb abr 18 11:17:32 CEST 2015 - Comienza a procesar la imagen
sáb abr 18 11:17:32 CEST 2015 - Backup de la informacion
sáb abr 18 11:18:01 CEST 2015 - getXML - Recoge el XML del Servidor
sáb abr 18 11:18:02 CEST 2015 - traduceXML - Traduce el XML a Fichero con Tabla de Llegadas
sáb abr 18 11:18:02 CEST 2015 - Comienza a procesar la imagen
sáb abr 18 11:18:02 CEST 2015 - Backup de la informacion
sáb abr 18 11:18:31 CEST 2015 - getXML - Recoge el XML del Servidor
sáb abr 18 11:18:33 CEST 2015 - traduceXML - Traduce el XML a Fichero con Tabla de Llegadas
sáb abr 18 11:18:33 CEST 2015 - Comienza a procesar la imagen
sáb abr 18 11:18:33 CEST 2015 - Backup de la informacion
sáb abr 18 11:19:01 CEST 2015 - getXML - Recoge el XML del Servidor
sáb abr 18 11:19:02 CEST 2015 - traduceXML - Traduce el XML a Fichero con Tabla de Llegadas
sáb abr 18 11:19:02 CEST 2015 - Comienza a procesar la imagen
sáb abr 18 11:19:02 CEST 2015 - Backup de la informacion
sáb abr 18 11:19:31 CEST 2015 - getXML - Recoge el XML del Servidor
sáb abr 18 11:19:31 CEST 2015 - traduceXML - Traduce el XML a Fichero con Tabla de Llegadas
sáb abr 18 11:19:31 CEST 2015 - Comienza a procesar la imagen
sáb abr 18 11:19:31 CEST 2015 - Backup de la informacion
sáb abr 18 11:20:01 CEST 2015 - getXML - Recoge el XML del Servidor
sáb abr 18 11:20:02 CEST 2015 - traduceXML - Traduce el XML a Fichero con Tabla de Llegadas
sáb abr 18 11:20:02 CEST 2015 - Comienza a procesar la imagen
sáb abr 18 11:20:02 CEST 2015 - Backup de la informacion
sáb abr 18 11:20:31 CEST 2015 - getXML - Recoge el XML del Servidor
sáb abr 18 11:20:32 CEST 2015 - traduceXML - Traduce el XML a Fichero con Tabla de Llegadas
sáb abr 18 11:20:32 CEST 2015 - Comienza a procesar la imagen
sáb abr 18 11:20:32 CEST 2015 - Backup de la informacion
sáb abr 18 11:21:01 CEST 2015 - getXML - Recoge el XML del Servidor
sáb abr 18 11:21:03 CEST 2015 - traduceXML - Traduce el XML a Fichero con Tabla de Llegadas
sáb abr 18 11:21:03 CEST 2015 - Comienza a procesar la imagen
sáb abr 18 11:21:03 CEST 2015 - Backup de la informacion
sáb abr 18 11:21:31 CEST 2015 - getXML - Recoge el XML del Servidor
sáb abr 18 11:21:33 CEST 2015 - traduceXML - Traduce el XML a Fichero con Tabla de Llegadas
sáb abr 18 11:21:33 CEST 2015 - Comienza a procesar la imagen
sáb abr 18 11:21:33 CEST 2015 - Backup de la informacion
dom abr 19 14:59:01 CEST 2015 - getXML - Recoge el XML del Servidor
dom abr 19 14:59:01 CEST 2015 - traduceXML - Traduce el XML a Fichero con Tabla de Llegadas
dom abr 19 14:59:01 CEST 2015 - Comienza a procesar la imagen
dom abr 19 14:59:01 CEST 2015 - Backup de la informacion
dom abr 19 14:59:31 CEST 2015 - getXML - Recoge el XML del Servidor
dom abr 19 14:59:31 CEST 2015 - traduceXML - Traduce el XML a Fichero con Tabla de Llegadas
dom abr 19 14:59:31 CEST 2015 - Comienza a procesar la imagen
dom abr 19 14:59:31 CEST 2015 - Backup de la informacion
dom abr 19 15:00:01 CEST 2015 - getXML - Recoge el XML del Servidor
dom abr 19 15:00:02 CEST 2015 - traduceXML - Traduce el XML a Fichero con Tabla de Llegadas
dom abr 19 15:00:02 CEST 2015 - Comienza a procesar la imagen
dom abr 19 15:00:02 CEST 2015 - Backup de la informacion
dom abr 19 15:00:31 CEST 2015 - getXML - Recoge el XML del Servidor
dom abr 19 15:00:32 CEST 2015 - traduceXML - Traduce el XML a Fichero con Tabla de Llegadas
dom abr 19 15:00:32 CEST 2015 - Comienza a procesar la imagen
dom abr 19 15:00:32 CEST 2015 - Backup de la informacion
dom abr 19 15:01:01 CEST 2015 - getXML - Recoge el XML del Servidor
dom abr 19 15:01:02 CEST 2015 - traduceXML - Traduce el XML a Fichero con Tabla de Llegadas
dom abr 19 15:01:02 CEST 2015 - Comienza a procesar la imagen
dom abr 19 15:01:02 CEST 2015 - Backup de la informacion
dom abr 19 15:01:31 CEST 2015 - getXML - Recoge el XML del Servidor
dom abr 19 15:01:32 CEST 2015 - traduceXML - Traduce el XML a Fichero con Tabla de Llegadas
dom abr 19 15:01:32 CEST 2015 - Comienza a procesar la imagen
dom abr 19 15:01:32 CEST 2015 - Backup de la informacion
dom abr 19 15:02:01 CEST 2015 - getXML - Recoge el XML del Servidor
dom abr 19 15:02:02 CEST 2015 - traduceXML - Traduce el XML a Fichero con Tabla de Llegadas
dom abr 19 15:02:02 CEST 2015 - Comienza a procesar la imagen
dom abr 19 15:02:02 CEST 2015 - Backup de la informacion
dom abr 19 15:02:31 CEST 2015 - getXML - Recoge el XML del Servidor
dom abr 19 15:02:32 CEST 2015 - traduceXML - Traduce el XML a Fichero con Tabla de Llegadas
dom abr 19 15:02:32 CEST 2015 - Comienza a procesar la imagen
dom abr 19 15:02:32 CEST 2015 - Backup de la informacion
dom abr 19 15:03:01 CEST 2015 - getXML - Recoge el XML del Servidor
dom abr 19 15:03:02 CEST 2015 - traduceXML - Traduce el XML a Fichero con Tabla de Llegadas
dom abr 19 15:03:02 CEST 2015 - Comienza a procesar la imagen
dom abr 19 15:03:02 CEST 2015 - Backup de la informacion
dom abr 19 15:03:31 CEST 2015 - getXML - Recoge el XML del Servidor
dom abr 19 15:03:32 CEST 2015 - traduceXML - Traduce el XML a Fichero con Tabla de Llegadas
dom abr 19 15:03:32 CEST 2015 - Comienza a procesar la imagen
dom abr 19 15:03:32 CEST 2015 - Backup de la informacion
dom abr 19 15:04:01 CEST 2015 - getXML - Recoge el XML del Servidor
dom abr 19 15:04:02 CEST 2015 - traduceXML - Traduce el XML a Fichero con Tabla de Llegadas
dom abr 19 15:04:02 CEST 2015 - Comienza a procesar la imagen
dom abr 19 15:04:02 CEST 2015 - Backup de la informacion
dom abr 19 15:04:31 CEST 2015 - getXML - Recoge el XML del Servidor
dom abr 19 15:04:32 CEST 2015 - traduceXML - Traduce el XML a Fichero con Tabla de Llegadas
dom abr 19 15:04:32 CEST 2015 - Comienza a procesar la imagen
dom abr 19 15:04:32 CEST 2015 - Backup de la informacion
dom abr 19 15:05:01 CEST 2015 - getXML - Recoge el XML del Servidor
dom abr 19 15:05:01 CEST 2015 - traduceXML - Traduce el XML a Fichero con Tabla de Llegadas
dom abr 19 15:05:01 CEST 2015 - Comienza a procesar la imagen
dom abr 19 15:05:01 CEST 2015 - Backup de la informacion
dom abr 19 15:05:31 CEST 2015 - getXML - Recoge el XML del Servidor
dom abr 19 15:05:32 CEST 2015 - traduceXML - Traduce el XML a Fichero con Tabla de Llegadas
dom abr 19 15:05:32 CEST 2015 - Comienza a procesar la imagen
dom abr 19 15:05:32 CEST 2015 - Backup de la informacion
dom abr 19 15:06:01 CEST 2015 - getXML - Recoge el XML del Servidor
dom abr 19 15:06:02 CEST 2015 - traduceXML - Traduce el XML a Fichero con Tabla de Llegadas
dom abr 19 15:06:02 CEST 2015 - Comienza a procesar la imagen
dom abr 19 15:06:02 CEST 2015 - Backup de la informacion
dom abr 19 15:06:31 CEST 2015 - getXML - Recoge el XML del Servidor
dom abr 19 15:06:31 CEST 2015 - traduceXML - Traduce el XML a Fichero con Tabla de Llegadas
dom abr 19 15:06:31 CEST 2015 - Comienza a procesar la imagen
dom abr 19 15:06:31 CEST 2015 - Backup de la informacion
dom abr 19 15:07:01 CEST 2015 - getXML - Recoge el XML del Servidor
dom abr 19 15:07:03 CEST 2015 - traduceXML - Traduce el XML a Fichero con Tabla de Llegadas
dom abr 19 15:07:03 CEST 2015 - Comienza a procesar la imagen
dom abr 19 15:07:03 CEST 2015 - Backup de la informacion
dom abr 19 15:07:31 CEST 2015 - getXML - Recoge el XML del Servidor
dom abr 19 15:07:33 CEST 2015 - traduceXML - Traduce el XML a Fichero con Tabla de Llegadas
dom abr 19 15:07:33 CEST 2015 - Comienza a procesar la imagen
dom abr 19 15:07:33 CEST 2015 - Backup de la informacion
dom abr 19 15:08:01 CEST 2015 - getXML - Recoge el XML del Servidor
dom abr 19 15:08:01 CEST 2015 - traduceXML - Traduce el XML a Fichero con Tabla de Llegadas
dom abr 19 15:08:01 CEST 2015 - Comienza a procesar la imagen
dom abr 19 15:08:01 CEST 2015 - Backup de la informacion
dom abr 19 15:08:31 CEST 2015 - getXML - Recoge el XML del Servidor
dom abr 19 15:08:32 CEST 2015 - traduceXML - Traduce el XML a Fichero con Tabla de Llegadas
dom abr 19 15:08:32 CEST 2015 - Comienza a procesar la imagen
dom abr 19 15:08:32 CEST 2015 - Backup de la informacion
dom abr 19 15:09:01 CEST 2015 - getXML - Recoge el XML del Servidor
dom abr 19 15:09:01 CEST 2015 - traduceXML - Traduce el XML a Fichero con Tabla de Llegadas
dom abr 19 15:09:01 CEST 2015 - Comienza a procesar la imagen
dom abr 19 15:09:01 CEST 2015 - Backup de la informacion
dom abr 19 15:09:31 CEST 2015 - getXML - Recoge el XML del Servidor
dom abr 19 15:09:32 CEST 2015 - traduceXML - Traduce el XML a Fichero con Tabla de Llegadas
dom abr 19 15:09:32 CEST 2015 - Comienza a procesar la imagen
dom abr 19 15:09:33 CEST 2015 - Backup de la informacion
dom abr 19 15:10:01 CEST 2015 - getXML - Recoge el XML del Servidor
dom abr 19 15:10:02 CEST 2015 - traduceXML - Traduce el XML a Fichero con Tabla de Llegadas
dom abr 19 15:10:02 CEST 2015 - Comienza a procesar la imagen
dom abr 19 15:10:02 CEST 2015 - Backup de la informacion
dom abr 19 15:10:31 CEST 2015 - getXML - Recoge el XML del Servidor
dom abr 19 15:10:32 CEST 2015 - traduceXML - Traduce el XML a Fichero con Tabla de Llegadas
dom abr 19 15:10:32 CEST 2015 - Comienza a procesar la imagen
dom abr 19 15:10:32 CEST 2015 - Backup de la informacion
dom abr 19 15:11:01 CEST 2015 - getXML - Recoge el XML del Servidor
dom abr 19 15:11:02 CEST 2015 - traduceXML - Traduce el XML a Fichero con Tabla de Llegadas
dom abr 19 15:11:02 CEST 2015 - Comienza a procesar la imagen
dom abr 19 15:11:02 CEST 2015 - Backup de la informacion
dom abr 19 15:11:31 CEST 2015 - getXML - Recoge el XML del Servidor
dom abr 19 15:11:32 CEST 2015 - traduceXML - Traduce el XML a Fichero con Tabla de Llegadas
dom abr 19 15:11:32 CEST 2015 - Comienza a procesar la imagen
dom abr 19 15:11:32 CEST 2015 - Backup de la informacion
dom abr 19 15:12:01 CEST 2015 - getXML - Recoge el XML del Servidor
dom abr 19 15:12:01 CEST 2015 - traduceXML - Traduce el XML a Fichero con Tabla de Llegadas
dom abr 19 15:12:01 CEST 2015 - Comienza a procesar la imagen
dom abr 19 15:12:02 CEST 2015 - Backup de la informacion
dom abr 19 15:12:31 CEST 2015 - getXML - Recoge el XML del Servidor
dom abr 19 15:12:31 CEST 2015 - traduceXML - Traduce el XML a Fichero con Tabla de Llegadas
dom abr 19 15:12:31 CEST 2015 - Comienza a procesar la imagen
dom abr 19 15:12:32 CEST 2015 - Backup de la informacion
dom abr 19 15:13:01 CEST 2015 - getXML - Recoge el XML del Servidor
dom abr 19 15:13:03 CEST 2015 - traduceXML - Traduce el XML a Fichero con Tabla de Llegadas
dom abr 19 15:13:03 CEST 2015 - Comienza a procesar la imagen
dom abr 19 15:13:03 CEST 2015 - Backup de la informacion
dom abr 19 15:13:31 CEST 2015 - getXML - Recoge el XML del Servidor
dom abr 19 15:13:31 CEST 2015 - traduceXML - Traduce el XML a Fichero con Tabla de Llegadas
dom abr 19 15:13:31 CEST 2015 - Comienza a procesar la imagen
dom abr 19 15:13:31 CEST 2015 - Backup de la informacion
dom abr 19 15:14:01 CEST 2015 - getXML - Recoge el XML del Servidor
dom abr 19 15:14:02 CEST 2015 - traduceXML - Traduce el XML a Fichero con Tabla de Llegadas
dom abr 19 15:14:02 CEST 2015 - Comienza a procesar la imagen
dom abr 19 15:14:02 CEST 2015 - Backup de la informacion
dom abr 19 15:14:31 CEST 2015 - getXML - Recoge el XML del Servidor
dom abr 19 15:14:33 CEST 2015 - traduceXML - Traduce el XML a Fichero con Tabla de Llegadas
dom abr 19 15:14:33 CEST 2015 - Comienza a procesar la imagen
dom abr 19 15:14:33 CEST 2015 - Backup de la informacion
dom abr 19 15:15:01 CEST 2015 - getXML - Recoge el XML del Servidor
dom abr 19 15:15:02 CEST 2015 - traduceXML - Traduce el XML a Fichero con Tabla de Llegadas
dom abr 19 15:15:02 CEST 2015 - Comienza a procesar la imagen
dom abr 19 15:15:02 CEST 2015 - Backup de la informacion
dom abr 19 15:15:31 CEST 2015 - getXML - Recoge el XML del Servidor
dom abr 19 15:15:32 CEST 2015 - traduceXML - Traduce el XML a Fichero con Tabla de Llegadas
dom abr 19 15:15:32 CEST 2015 - Comienza a procesar la imagen
dom abr 19 15:15:32 CEST 2015 - Backup de la informacion
dom abr 19 15:16:01 CEST 2015 - getXML - Recoge el XML del Servidor
dom abr 19 15:16:02 CEST 2015 - traduceXML - Traduce el XML a Fichero con Tabla de Llegadas
dom abr 19 15:16:02 CEST 2015 - Comienza a procesar la imagen
dom abr 19 15:16:02 CEST 2015 - Backup de la informacion
dom abr 19 15:16:31 CEST 2015 - getXML - Recoge el XML del Servidor
dom abr 19 15:16:32 CEST 2015 - traduceXML - Traduce el XML a Fichero con Tabla de Llegadas
dom abr 19 15:16:32 CEST 2015 - Comienza a procesar la imagen
dom abr 19 15:16:32 CEST 2015 - Backup de la informacion
dom abr 19 15:17:01 CEST 2015 - getXML - Recoge el XML del Servidor
dom abr 19 15:17:01 CEST 2015 - traduceXML - Traduce el XML a Fichero con Tabla de Llegadas
dom abr 19 15:17:01 CEST 2015 - Comienza a procesar la imagen
dom abr 19 15:17:01 CEST 2015 - Backup de la informacion
dom abr 19 15:17:31 CEST 2015 - getXML - Recoge el XML del Servidor
dom abr 19 15:17:31 CEST 2015 - traduceXML - Traduce el XML a Fichero con Tabla de Llegadas
dom abr 19 15:17:31 CEST 2015 - Comienza a procesar la imagen
dom abr 19 15:17:31 CEST 2015 - Backup de la informacion
dom abr 19 15:18:01 CEST 2015 - getXML - Recoge el XML del Servidor
dom abr 19 15:18:02 CEST 2015 - traduceXML - Traduce el XML a Fichero con Tabla de Llegadas
dom abr 19 15:18:02 CEST 2015 - Comienza a procesar la imagen
dom abr 19 15:18:02 CEST 2015 - Backup de la informacion
dom abr 19 15:18:31 CEST 2015 - getXML - Recoge el XML del Servidor
dom abr 19 15:18:33 CEST 2015 - traduceXML - Traduce el XML a Fichero con Tabla de Llegadas
dom abr 19 15:18:33 CEST 2015 - Comienza a procesar la imagen
dom abr 19 15:18:33 CEST 2015 - Backup de la informacion
dom abr 19 15:19:01 CEST 2015 - getXML - Recoge el XML del Servidor
dom abr 19 15:19:02 CEST 2015 - traduceXML - Traduce el XML a Fichero con Tabla de Llegadas
dom abr 19 15:19:02 CEST 2015 - Comienza a procesar la imagen
dom abr 19 15:19:02 CEST 2015 - Backup de la informacion
dom abr 19 15:19:31 CEST 2015 - getXML - Recoge el XML del Servidor
dom abr 19 15:19:32 CEST 2015 - traduceXML - Traduce el XML a Fichero con Tabla de Llegadas
dom abr 19 15:19:32 CEST 2015 - Comienza a procesar la imagen
dom abr 19 15:19:32 CEST 2015 - Backup de la informacion
dom abr 19 15:20:01 CEST 2015 - getXML - Recoge el XML del Servidor
dom abr 19 15:20:02 CEST 2015 - traduceXML - Traduce el XML a Fichero con Tabla de Llegadas
dom abr 19 15:20:02 CEST 2015 - Comienza a procesar la imagen
dom abr 19 15:20:02 CEST 2015 - Backup de la informacion
dom abr 19 15:20:31 CEST 2015 - getXML - Recoge el XML del Servidor
dom abr 19 15:20:31 CEST 2015 - traduceXML - Traduce el XML a Fichero con Tabla de Llegadas
dom abr 19 15:20:31 CEST 2015 - Comienza a procesar la imagen
dom abr 19 15:20:31 CEST 2015 - Backup de la informacion
dom abr 19 15:21:01 CEST 2015 - getXML - Recoge el XML del Servidor
dom abr 19 15:21:03 CEST 2015 - traduceXML - Traduce el XML a Fichero con Tabla de Llegadas
dom abr 19 15:21:03 CEST 2015 - Comienza a procesar la imagen
dom abr 19 15:21:03 CEST 2015 - Backup de la informacion
dom abr 19 15:21:31 CEST 2015 - getXML - Recoge el XML del Servidor
dom abr 19 15:21:33 CEST 2015 - traduceXML - Traduce el XML a Fichero con Tabla de Llegadas
dom abr 19 15:21:33 CEST 2015 - Comienza a procesar la imagen
dom abr 19 15:21:33 CEST 2015 - Backup de la informacion
dom abr 19 15:22:01 CEST 2015 - getXML - Recoge el XML del Servidor
dom abr 19 15:22:01 CEST 2015 - traduceXML - Traduce el XML a Fichero con Tabla de Llegadas
dom abr 19 15:22:01 CEST 2015 - Comienza a procesar la imagen
dom abr 19 15:22:01 CEST 2015 - Backup de la informacion
dom abr 19 15:22:31 CEST 2015 - getXML - Recoge el XML del Servidor
dom abr 19 15:22:32 CEST 2015 - traduceXML - Traduce el XML a Fichero con Tabla de Llegadas
dom abr 19 15:22:32 CEST 2015 - Comienza a procesar la imagen
dom abr 19 15:22:32 CEST 2015 - Backup de la informacion
dom abr 19 15:23:01 CEST 2015 - getXML - Recoge el XML del Servidor
dom abr 19 15:23:03 CEST 2015 - traduceXML - Traduce el XML a Fichero con Tabla de Llegadas
dom abr 19 15:23:03 CEST 2015 - Comienza a procesar la imagen
dom abr 19 15:23:03 CEST 2015 - Backup de la informacion
dom abr 19 15:23:31 CEST 2015 - getXML - Recoge el XML del Servidor
dom abr 19 15:23:33 CEST 2015 - traduceXML - Traduce el XML a Fichero con Tabla de Llegadas
dom abr 19 15:23:33 CEST 2015 - Comienza a procesar la imagen
dom abr 19 15:23:33 CEST 2015 - Backup de la informacion
dom abr 19 15:24:01 CEST 2015 - getXML - Recoge el XML del Servidor
dom abr 19 15:24:02 CEST 2015 - traduceXML - Traduce el XML a Fichero con Tabla de Llegadas
dom abr 19 15:24:02 CEST 2015 - Comienza a procesar la imagen
dom abr 19 15:24:02 CEST 2015 - Backup de la informacion
dom abr 19 15:24:31 CEST 2015 - getXML - Recoge el XML del Servidor
dom abr 19 15:24:33 CEST 2015 - traduceXML - Traduce el XML a Fichero con Tabla de Llegadas
dom abr 19 15:24:33 CEST 2015 - Comienza a procesar la imagen
dom abr 19 15:24:33 CEST 2015 - Backup de la informacion
dom abr 19 15:25:01 CEST 2015 - getXML - Recoge el XML del Servidor
dom abr 19 15:25:02 CEST 2015 - traduceXML - Traduce el XML a Fichero con Tabla de Llegadas
dom abr 19 15:25:02 CEST 2015 - Comienza a procesar la imagen
dom abr 19 15:25:02 CEST 2015 - Backup de la informacion
dom abr 19 15:25:31 CEST 2015 - getXML - Recoge el XML del Servidor
dom abr 19 15:25:32 CEST 2015 - traduceXML - Traduce el XML a Fichero con Tabla de Llegadas
dom abr 19 15:25:32 CEST 2015 - Comienza a procesar la imagen
dom abr 19 15:25:32 CEST 2015 - Backup de la informacion
dom abr 19 15:26:01 CEST 2015 - getXML - Recoge el XML del Servidor
dom abr 19 15:26:11 CEST 2015 - traduceXML - Traduce el XML a Fichero con Tabla de Llegadas
dom abr 19 15:26:11 CEST 2015 - Comienza a procesar la imagen
dom abr 19 15:26:11 CEST 2015 - Backup de la informacion
dom abr 19 15:26:31 CEST 2015 - getXML - Recoge el XML del Servidor
dom abr 19 15:26:34 CEST 2015 - traduceXML - Traduce el XML a Fichero con Tabla de Llegadas
dom abr 19 15:26:34 CEST 2015 - Comienza a procesar la imagen
dom abr 19 15:26:34 CEST 2015 - Backup de la informacion
dom abr 19 15:27:01 CEST 2015 - getXML - Recoge el XML del Servidor
dom abr 19 15:27:18 CEST 2015 - traduceXML - Traduce el XML a Fichero con Tabla de Llegadas
dom abr 19 15:27:18 CEST 2015 - Comienza a procesar la imagen
dom abr 19 15:27:18 CEST 2015 - Backup de la informacion
dom abr 19 15:27:31 CEST 2015 - getXML - Recoge el XML del Servidor
dom abr 19 15:27:43 CEST 2015 - traduceXML - Traduce el XML a Fichero con Tabla de Llegadas
dom abr 19 15:27:43 CEST 2015 - Comienza a procesar la imagen
dom abr 19 15:27:43 CEST 2015 - Backup de la informacion
dom abr 19 15:28:01 CEST 2015 - getXML - Recoge el XML del Servidor
dom abr 19 15:28:16 CEST 2015 - traduceXML - Traduce el XML a Fichero con Tabla de Llegadas
dom abr 19 15:28:16 CEST 2015 - Comienza a procesar la imagen
dom abr 19 15:28:16 CEST 2015 - Backup de la informacion
dom abr 19 15:28:31 CEST 2015 - getXML - Recoge el XML del Servidor
dom abr 19 15:28:47 CEST 2015 - traduceXML - Traduce el XML a Fichero con Tabla de Llegadas
dom abr 19 15:28:47 CEST 2015 - Comienza a procesar la imagen
dom abr 19 15:28:47 CEST 2015 - Backup de la informacion
dom abr 19 15:29:01 CEST 2015 - getXML - Recoge el XML del Servidor
dom abr 19 15:29:16 CEST 2015 - traduceXML - Traduce el XML a Fichero con Tabla de Llegadas
dom abr 19 15:29:16 CEST 2015 - Comienza a procesar la imagen
dom abr 19 15:29:16 CEST 2015 - Backup de la informacion
dom abr 19 15:29:31 CEST 2015 - getXML - Recoge el XML del Servidor
dom abr 19 15:29:41 CEST 2015 - traduceXML - Traduce el XML a Fichero con Tabla de Llegadas
dom abr 19 15:29:41 CEST 2015 - Comienza a procesar la imagen
dom abr 19 15:29:41 CEST 2015 - Backup de la informacion
dom abr 19 15:30:01 CEST 2015 - getXML - Recoge el XML del Servidor
dom abr 19 15:30:17 CEST 2015 - traduceXML - Traduce el XML a Fichero con Tabla de Llegadas
dom abr 19 15:30:17 CEST 2015 - Comienza a procesar la imagen
dom abr 19 15:30:17 CEST 2015 - Backup de la informacion
dom abr 19 15:30:31 CEST 2015 - getXML - Recoge el XML del Servidor
dom abr 19 15:30:44 CEST 2015 - traduceXML - Traduce el XML a Fichero con Tabla de Llegadas
dom abr 19 15:30:44 CEST 2015 - Comienza a procesar la imagen
dom abr 19 15:30:44 CEST 2015 - Backup de la informacion
dom abr 19 15:31:01 CEST 2015 - getXML - Recoge el XML del Servidor
dom abr 19 15:31:15 CEST 2015 - traduceXML - Traduce el XML a Fichero con Tabla de Llegadas
dom abr 19 15:31:15 CEST 2015 - Comienza a procesar la imagen
dom abr 19 15:31:15 CEST 2015 - Backup de la informacion
dom abr 19 15:31:31 CEST 2015 - getXML - Recoge el XML del Servidor
dom abr 19 15:31:47 CEST 2015 - traduceXML - Traduce el XML a Fichero con Tabla de Llegadas
dom abr 19 15:31:47 CEST 2015 - Comienza a procesar la imagen
dom abr 19 15:31:47 CEST 2015 - Backup de la informacion
dom abr 19 15:32:01 CEST 2015 - getXML - Recoge el XML del Servidor
dom abr 19 15:32:31 CEST 2015 - getXML - Recoge el XML del Servidor
dom abr 19 15:32:42 CEST 2015 - traduceXML - Traduce el XML a Fichero con Tabla de Llegadas
dom abr 19 15:32:42 CEST 2015 - Comienza a procesar la imagen
dom abr 19 15:32:42 CEST 2015 - Backup de la informacion
dom abr 19 15:33:01 CEST 2015 - getXML - Recoge el XML del Servidor
dom abr 19 15:33:02 CEST 2015 - traduceXML - Traduce el XML a Fichero con Tabla de Llegadas
dom abr 19 15:33:02 CEST 2015 - Comienza a procesar la imagen
dom abr 19 15:33:02 CEST 2015 - Backup de la informacion
dom abr 19 15:33:31 CEST 2015 - getXML - Recoge el XML del Servidor
dom abr 19 15:33:32 CEST 2015 - traduceXML - Traduce el XML a Fichero con Tabla de Llegadas
dom abr 19 15:33:32 CEST 2015 - Comienza a procesar la imagen
dom abr 19 15:33:32 CEST 2015 - Backup de la informacion
dom abr 19 15:33:53 CEST 2015 - traduceXML - Traduce el XML a Fichero con Tabla de Llegadas
dom abr 19 15:33:53 CEST 2015 - Comienza a procesar la imagen
dom abr 19 15:33:53 CEST 2015 - Backup de la informacion
dom abr 19 15:34:01 CEST 2015 - getXML - Recoge el XML del Servidor
dom abr 19 15:34:13 CEST 2015 - traduceXML - Traduce el XML a Fichero con Tabla de Llegadas
dom abr 19 15:34:13 CEST 2015 - Comienza a procesar la imagen
dom abr 19 15:34:13 CEST 2015 - Backup de la informacion
dom abr 19 15:34:31 CEST 2015 - getXML - Recoge el XML del Servidor
dom abr 19 15:34:47 CEST 2015 - traduceXML - Traduce el XML a Fichero con Tabla de Llegadas
dom abr 19 15:34:47 CEST 2015 - Comienza a procesar la imagen
dom abr 19 15:34:47 CEST 2015 - Backup de la informacion
dom abr 19 15:35:01 CEST 2015 - getXML - Recoge el XML del Servidor
dom abr 19 15:35:21 CEST 2015 - traduceXML - Traduce el XML a Fichero con Tabla de Llegadas
dom abr 19 15:35:21 CEST 2015 - Comienza a procesar la imagen
dom abr 19 15:35:21 CEST 2015 - Backup de la informacion
dom abr 19 15:35:31 CEST 2015 - getXML - Recoge el XML del Servidor
dom abr 19 15:35:53 CEST 2015 - traduceXML - Traduce el XML a Fichero con Tabla de Llegadas
dom abr 19 15:35:53 CEST 2015 - Comienza a procesar la imagen
dom abr 19 15:35:53 CEST 2015 - Backup de la informacion
dom abr 19 15:36:01 CEST 2015 - getXML - Recoge el XML del Servidor
dom abr 19 15:36:14 CEST 2015 - traduceXML - Traduce el XML a Fichero con Tabla de Llegadas
dom abr 19 15:36:14 CEST 2015 - Comienza a procesar la imagen
dom abr 19 15:36:14 CEST 2015 - Backup de la informacion
dom abr 19 15:36:31 CEST 2015 - getXML - Recoge el XML del Servidor
dom abr 19 15:36:51 CEST 2015 - traduceXML - Traduce el XML a Fichero con Tabla de Llegadas
dom abr 19 15:36:51 CEST 2015 - Comienza a procesar la imagen
dom abr 19 15:36:51 CEST 2015 - Backup de la informacion
dom abr 19 15:37:01 CEST 2015 - getXML - Recoge el XML del Servidor
dom abr 19 15:37:21 CEST 2015 - traduceXML - Traduce el XML a Fichero con Tabla de Llegadas
dom abr 19 15:37:21 CEST 2015 - Comienza a procesar la imagen
dom abr 19 15:37:21 CEST 2015 - Backup de la informacion
dom abr 19 15:37:31 CEST 2015 - getXML - Recoge el XML del Servidor
dom abr 19 15:37:52 CEST 2015 - traduceXML - Traduce el XML a Fichero con Tabla de Llegadas
dom abr 19 15:37:52 CEST 2015 - Comienza a procesar la imagen
dom abr 19 15:37:52 CEST 2015 - Backup de la informacion
dom abr 19 15:38:01 CEST 2015 - getXML - Recoge el XML del Servidor
dom abr 19 15:38:11 CEST 2015 - traduceXML - Traduce el XML a Fichero con Tabla de Llegadas
dom abr 19 15:38:11 CEST 2015 - Comienza a procesar la imagen
dom abr 19 15:38:11 CEST 2015 - Backup de la informacion
dom abr 19 15:38:31 CEST 2015 - getXML - Recoge el XML del Servidor
dom abr 19 15:38:58 CEST 2015 - traduceXML - Traduce el XML a Fichero con Tabla de Llegadas
dom abr 19 15:38:58 CEST 2015 - Comienza a procesar la imagen
dom abr 19 15:38:58 CEST 2015 - Backup de la informacion
dom abr 19 15:39:01 CEST 2015 - getXML - Recoge el XML del Servidor
dom abr 19 15:39:31 CEST 2015 - getXML - Recoge el XML del Servidor
dom abr 19 15:39:54 CEST 2015 - traduceXML - Traduce el XML a Fichero con Tabla de Llegadas
dom abr 19 15:39:54 CEST 2015 - Comienza a procesar la imagen
dom abr 19 15:39:54 CEST 2015 - Backup de la informacion
dom abr 19 15:39:54 CEST 2015 - traduceXML - Traduce el XML a Fichero con Tabla de Llegadas
dom abr 19 15:39:54 CEST 2015 - Comienza a procesar la imagen
dom abr 19 15:39:54 CEST 2015 - Backup de la informacion
dom abr 19 15:40:01 CEST 2015 - getXML - Recoge el XML del Servidor
dom abr 19 15:40:27 CEST 2015 - traduceXML - Traduce el XML a Fichero con Tabla de Llegadas
dom abr 19 15:40:27 CEST 2015 - Comienza a procesar la imagen
dom abr 19 15:40:27 CEST 2015 - Backup de la informacion
dom abr 19 15:40:31 CEST 2015 - getXML - Recoge el XML del Servidor
dom abr 19 15:40:57 CEST 2015 - traduceXML - Traduce el XML a Fichero con Tabla de Llegadas
dom abr 19 15:40:57 CEST 2015 - Comienza a procesar la imagen
dom abr 19 15:40:57 CEST 2015 - Backup de la informacion
dom abr 19 15:41:01 CEST 2015 - getXML - Recoge el XML del Servidor
dom abr 19 15:41:22 CEST 2015 - traduceXML - Traduce el XML a Fichero con Tabla de Llegadas
dom abr 19 15:41:22 CEST 2015 - Comienza a procesar la imagen
dom abr 19 15:41:22 CEST 2015 - Backup de la informacion
dom abr 19 15:41:31 CEST 2015 - getXML - Recoge el XML del Servidor
dom abr 19 15:41:49 CEST 2015 - traduceXML - Traduce el XML a Fichero con Tabla de Llegadas
dom abr 19 15:41:49 CEST 2015 - Comienza a procesar la imagen
dom abr 19 15:41:49 CEST 2015 - Backup de la informacion
dom abr 19 15:42:01 CEST 2015 - getXML - Recoge el XML del Servidor
dom abr 19 15:42:25 CEST 2015 - traduceXML - Traduce el XML a Fichero con Tabla de Llegadas
dom abr 19 15:42:25 CEST 2015 - Comienza a procesar la imagen
dom abr 19 15:42:25 CEST 2015 - Backup de la informacion
dom abr 19 15:42:31 CEST 2015 - getXML - Recoge el XML del Servidor
dom abr 19 15:42:56 CEST 2015 - traduceXML - Traduce el XML a Fichero con Tabla de Llegadas
dom abr 19 15:42:56 CEST 2015 - Comienza a procesar la imagen
dom abr 19 15:42:56 CEST 2015 - Backup de la informacion
dom abr 19 15:43:01 CEST 2015 - getXML - Recoge el XML del Servidor
dom abr 19 15:43:28 CEST 2015 - traduceXML - Traduce el XML a Fichero con Tabla de Llegadas
dom abr 19 15:43:28 CEST 2015 - Comienza a procesar la imagen
dom abr 19 15:43:29 CEST 2015 - Backup de la informacion
dom abr 19 15:43:31 CEST 2015 - getXML - Recoge el XML del Servidor
dom abr 19 15:43:58 CEST 2015 - traduceXML - Traduce el XML a Fichero con Tabla de Llegadas
dom abr 19 15:43:58 CEST 2015 - Comienza a procesar la imagen
dom abr 19 15:43:58 CEST 2015 - Backup de la informacion
dom abr 19 15:44:01 CEST 2015 - getXML - Recoge el XML del Servidor
dom abr 19 15:44:16 CEST 2015 - traduceXML - Traduce el XML a Fichero con Tabla de Llegadas
dom abr 19 15:44:16 CEST 2015 - Comienza a procesar la imagen
dom abr 19 15:44:16 CEST 2015 - Backup de la informacion
dom abr 19 15:44:31 CEST 2015 - getXML - Recoge el XML del Servidor
dom abr 19 15:44:51 CEST 2015 - traduceXML - Traduce el XML a Fichero con Tabla de Llegadas
dom abr 19 15:44:51 CEST 2015 - Comienza a procesar la imagen
dom abr 19 15:44:51 CEST 2015 - Backup de la informacion
dom abr 19 15:45:01 CEST 2015 - getXML - Recoge el XML del Servidor
dom abr 19 15:45:24 CEST 2015 - traduceXML - Traduce el XML a Fichero con Tabla de Llegadas
dom abr 19 15:45:24 CEST 2015 - Comienza a procesar la imagen
dom abr 19 15:45:24 CEST 2015 - Backup de la informacion
dom abr 19 15:45:31 CEST 2015 - getXML - Recoge el XML del Servidor
dom abr 19 15:46:01 CEST 2015 - getXML - Recoge el XML del Servidor
dom abr 19 15:46:17 CEST 2015 - traduceXML - Traduce el XML a Fichero con Tabla de Llegadas
dom abr 19 15:46:17 CEST 2015 - Comienza a procesar la imagen
dom abr 19 15:46:17 CEST 2015 - Backup de la informacion
dom abr 19 15:46:24 CEST 2015 - traduceXML - Traduce el XML a Fichero con Tabla de Llegadas
dom abr 19 15:46:24 CEST 2015 - Comienza a procesar la imagen
dom abr 19 15:46:24 CEST 2015 - Backup de la informacion
dom abr 19 15:46:31 CEST 2015 - getXML - Recoge el XML del Servidor
dom abr 19 15:47:01 CEST 2015 - getXML - Recoge el XML del Servidor
dom abr 19 15:47:20 CEST 2015 - traduceXML - Traduce el XML a Fichero con Tabla de Llegadas
dom abr 19 15:47:20 CEST 2015 - Comienza a procesar la imagen
dom abr 19 15:47:20 CEST 2015 - Backup de la informacion
dom abr 19 15:47:31 CEST 2015 - getXML - Recoge el XML del Servidor
dom abr 19 15:48:01 CEST 2015 - getXML - Recoge el XML del Servidor
dom abr 19 15:48:03 CEST 2015 - traduceXML - Traduce el XML a Fichero con Tabla de Llegadas
dom abr 19 15:48:03 CEST 2015 - Comienza a procesar la imagen
dom abr 19 15:48:03 CEST 2015 - Backup de la informacion
dom abr 19 15:48:23 CEST 2015 - traduceXML - Traduce el XML a Fichero con Tabla de Llegadas
dom abr 19 15:48:23 CEST 2015 - traduceXML - Traduce el XML a Fichero con Tabla de Llegadas
dom abr 19 15:48:23 CEST 2015 - Comienza a procesar la imagen
dom abr 19 15:48:23 CEST 2015 - Comienza a procesar la imagen
dom abr 19 15:48:23 CEST 2015 - Backup de la informacion
dom abr 19 15:48:23 CEST 2015 - Backup de la informacion
dom abr 19 15:48:31 CEST 2015 - getXML - Recoge el XML del Servidor
dom abr 19 15:48:56 CEST 2015 - traduceXML - Traduce el XML a Fichero con Tabla de Llegadas
dom abr 19 15:48:56 CEST 2015 - Comienza a procesar la imagen
dom abr 19 15:48:56 CEST 2015 - Backup de la informacion
dom abr 19 15:49:01 CEST 2015 - getXML - Recoge el XML del Servidor
dom abr 19 15:49:27 CEST 2015 - traduceXML - Traduce el XML a Fichero con Tabla de Llegadas
dom abr 19 15:49:27 CEST 2015 - Comienza a procesar la imagen
dom abr 19 15:49:27 CEST 2015 - Backup de la informacion
dom abr 19 15:49:31 CEST 2015 - getXML - Recoge el XML del Servidor
dom abr 19 15:49:57 CEST 2015 - traduceXML - Traduce el XML a Fichero con Tabla de Llegadas
dom abr 19 15:49:57 CEST 2015 - Comienza a procesar la imagen
dom abr 19 15:49:57 CEST 2015 - Backup de la informacion
dom abr 19 15:50:01 CEST 2015 - getXML - Recoge el XML del Servidor
dom abr 19 15:50:26 CEST 2015 - traduceXML - Traduce el XML a Fichero con Tabla de Llegadas
dom abr 19 15:50:26 CEST 2015 - Comienza a procesar la imagen
dom abr 19 15:50:26 CEST 2015 - Backup de la informacion
dom abr 19 15:50:31 CEST 2015 - getXML - Recoge el XML del Servidor
dom abr 19 15:50:59 CEST 2015 - traduceXML - Traduce el XML a Fichero con Tabla de Llegadas
dom abr 19 15:50:59 CEST 2015 - Comienza a procesar la imagen
dom abr 19 15:50:59 CEST 2015 - Backup de la informacion
dom abr 19 15:51:01 CEST 2015 - getXML - Recoge el XML del Servidor
dom abr 19 15:51:27 CEST 2015 - traduceXML - Traduce el XML a Fichero con Tabla de Llegadas
dom abr 19 15:51:27 CEST 2015 - Comienza a procesar la imagen
dom abr 19 15:51:27 CEST 2015 - Backup de la informacion
dom abr 19 15:51:31 CEST 2015 - getXML - Recoge el XML del Servidor
dom abr 19 15:51:58 CEST 2015 - traduceXML - Traduce el XML a Fichero con Tabla de Llegadas
dom abr 19 15:51:58 CEST 2015 - Comienza a procesar la imagen
dom abr 19 15:51:58 CEST 2015 - Backup de la informacion
dom abr 19 15:52:01 CEST 2015 - getXML - Recoge el XML del Servidor
dom abr 19 15:52:27 CEST 2015 - traduceXML - Traduce el XML a Fichero con Tabla de Llegadas
dom abr 19 15:52:27 CEST 2015 - Comienza a procesar la imagen
dom abr 19 15:52:27 CEST 2015 - Backup de la informacion
dom abr 19 15:52:31 CEST 2015 - getXML - Recoge el XML del Servidor
dom abr 19 15:52:59 CEST 2015 - traduceXML - Traduce el XML a Fichero con Tabla de Llegadas
dom abr 19 15:52:59 CEST 2015 - Comienza a procesar la imagen
dom abr 19 15:52:59 CEST 2015 - Backup de la informacion
dom abr 19 15:53:01 CEST 2015 - getXML - Recoge el XML del Servidor
dom abr 19 15:53:28 CEST 2015 - traduceXML - Traduce el XML a Fichero con Tabla de Llegadas
dom abr 19 15:53:28 CEST 2015 - Comienza a procesar la imagen
dom abr 19 15:53:28 CEST 2015 - Backup de la informacion
dom abr 19 15:53:31 CEST 2015 - getXML - Recoge el XML del Servidor
dom abr 19 15:53:59 CEST 2015 - traduceXML - Traduce el XML a Fichero con Tabla de Llegadas
dom abr 19 15:53:59 CEST 2015 - Comienza a procesar la imagen
dom abr 19 15:53:59 CEST 2015 - Backup de la informacion
dom abr 19 15:54:01 CEST 2015 - getXML - Recoge el XML del Servidor
dom abr 19 15:54:27 CEST 2015 - traduceXML - Traduce el XML a Fichero con Tabla de Llegadas
dom abr 19 15:54:27 CEST 2015 - Comienza a procesar la imagen
dom abr 19 15:54:27 CEST 2015 - Backup de la informacion
dom abr 19 15:54:31 CEST 2015 - getXML - Recoge el XML del Servidor
dom abr 19 15:55:00 CEST 2015 - traduceXML - Traduce el XML a Fichero con Tabla de Llegadas
dom abr 19 15:55:00 CEST 2015 - Comienza a procesar la imagen
dom abr 19 15:55:00 CEST 2015 - Backup de la informacion
dom abr 19 15:55:01 CEST 2015 - getXML - Recoge el XML del Servidor
dom abr 19 15:55:31 CEST 2015 - getXML - Recoge el XML del Servidor
dom abr 19 15:55:32 CEST 2015 - traduceXML - Traduce el XML a Fichero con Tabla de Llegadas
dom abr 19 15:55:32 CEST 2015 - Comienza a procesar la imagen
dom abr 19 15:55:32 CEST 2015 - Backup de la informacion
dom abr 19 15:55:54 CEST 2015 - traduceXML - Traduce el XML a Fichero con Tabla de Llegadas
dom abr 19 15:55:54 CEST 2015 - Comienza a procesar la imagen
dom abr 19 15:55:54 CEST 2015 - Backup de la informacion
dom abr 19 15:56:01 CEST 2015 - getXML - Recoge el XML del Servidor
dom abr 19 15:56:26 CEST 2015 - traduceXML - Traduce el XML a Fichero con Tabla de Llegadas
dom abr 19 15:56:26 CEST 2015 - Comienza a procesar la imagen
dom abr 19 15:56:26 CEST 2015 - Backup de la informacion
dom abr 19 15:56:31 CEST 2015 - getXML - Recoge el XML del Servidor
dom abr 19 15:56:59 CEST 2015 - traduceXML - Traduce el XML a Fichero con Tabla de Llegadas
dom abr 19 15:56:59 CEST 2015 - Comienza a procesar la imagen
dom abr 19 15:56:59 CEST 2015 - Backup de la informacion
dom abr 19 15:57:01 CEST 2015 - getXML - Recoge el XML del Servidor
dom abr 19 15:57:31 CEST 2015 - getXML - Recoge el XML del Servidor
dom abr 19 15:57:33 CEST 2015 - traduceXML - Traduce el XML a Fichero con Tabla de Llegadas
dom abr 19 15:57:33 CEST 2015 - Comienza a procesar la imagen
dom abr 19 15:57:33 CEST 2015 - Backup de la informacion
dom abr 19 15:57:59 CEST 2015 - traduceXML - Traduce el XML a Fichero con Tabla de Llegadas
dom abr 19 15:57:59 CEST 2015 - Comienza a procesar la imagen
dom abr 19 15:57:59 CEST 2015 - Backup de la informacion
dom abr 19 15:58:01 CEST 2015 - getXML - Recoge el XML del Servidor
dom abr 19 15:58:29 CEST 2015 - traduceXML - Traduce el XML a Fichero con Tabla de Llegadas
dom abr 19 15:58:29 CEST 2015 - Comienza a procesar la imagen
dom abr 19 15:58:29 CEST 2015 - Backup de la informacion
dom abr 19 15:58:31 CEST 2015 - getXML - Recoge el XML del Servidor
dom abr 19 15:58:58 CEST 2015 - traduceXML - Traduce el XML a Fichero con Tabla de Llegadas
dom abr 19 15:58:58 CEST 2015 - Comienza a procesar la imagen
dom abr 19 15:58:58 CEST 2015 - Backup de la informacion
dom abr 19 15:59:01 CEST 2015 - getXML - Recoge el XML del Servidor
dom abr 19 15:59:26 CEST 2015 - traduceXML - Traduce el XML a Fichero con Tabla de Llegadas
dom abr 19 15:59:26 CEST 2015 - Comienza a procesar la imagen
dom abr 19 15:59:26 CEST 2015 - Backup de la informacion
dom abr 19 15:59:31 CEST 2015 - getXML - Recoge el XML del Servidor
dom abr 19 15:59:57 CEST 2015 - traduceXML - Traduce el XML a Fichero con Tabla de Llegadas
dom abr 19 15:59:57 CEST 2015 - Comienza a procesar la imagen
dom abr 19 15:59:57 CEST 2015 - Backup de la informacion
dom abr 19 16:00:01 CEST 2015 - getXML - Recoge el XML del Servidor
dom abr 19 16:00:29 CEST 2015 - traduceXML - Traduce el XML a Fichero con Tabla de Llegadas
dom abr 19 16:00:29 CEST 2015 - Comienza a procesar la imagen
dom abr 19 16:00:29 CEST 2015 - Backup de la informacion
dom abr 19 16:00:31 CEST 2015 - getXML - Recoge el XML del Servidor
dom abr 19 16:01:01 CEST 2015 - traduceXML - Traduce el XML a Fichero con Tabla de Llegadas
dom abr 19 16:01:01 CEST 2015 - getXML - Recoge el XML del Servidor
dom abr 19 16:01:01 CEST 2015 - Comienza a procesar la imagen
dom abr 19 16:01:01 CEST 2015 - Backup de la informacion
dom abr 19 16:01:31 CEST 2015 - getXML - Recoge el XML del Servidor
dom abr 19 16:01:33 CEST 2015 - traduceXML - Traduce el XML a Fichero con Tabla de Llegadas
dom abr 19 16:01:33 CEST 2015 - Comienza a procesar la imagen
dom abr 19 16:01:33 CEST 2015 - Backup de la informacion
dom abr 19 16:02:01 CEST 2015 - getXML - Recoge el XML del Servidor
dom abr 19 16:02:01 CEST 2015 - traduceXML - Traduce el XML a Fichero con Tabla de Llegadas
dom abr 19 16:02:01 CEST 2015 - Comienza a procesar la imagen
dom abr 19 16:02:01 CEST 2015 - Backup de la informacion
dom abr 19 16:02:26 CEST 2015 - traduceXML - Traduce el XML a Fichero con Tabla de Llegadas
dom abr 19 16:02:26 CEST 2015 - Comienza a procesar la imagen
dom abr 19 16:02:26 CEST 2015 - Backup de la informacion
dom abr 19 16:02:31 CEST 2015 - getXML - Recoge el XML del Servidor
dom abr 19 16:03:01 CEST 2015 - getXML - Recoge el XML del Servidor
dom abr 19 16:03:02 CEST 2015 - traduceXML - Traduce el XML a Fichero con Tabla de Llegadas
dom abr 19 16:03:02 CEST 2015 - Comienza a procesar la imagen
dom abr 19 16:03:02 CEST 2015 - Backup de la informacion
dom abr 19 16:03:31 CEST 2015 - getXML - Recoge el XML del Servidor
dom abr 19 16:04:01 CEST 2015 - getXML - Recoge el XML del Servidor
dom abr 19 16:04:01 CEST 2015 - traduceXML - Traduce el XML a Fichero con Tabla de Llegadas
dom abr 19 16:04:01 CEST 2015 - Comienza a procesar la imagen
dom abr 19 16:04:01 CEST 2015 - Backup de la informacion
dom abr 19 16:04:24 CEST 2015 - traduceXML - Traduce el XML a Fichero con Tabla de Llegadas
dom abr 19 16:04:24 CEST 2015 - Comienza a procesar la imagen
dom abr 19 16:04:24 CEST 2015 - Backup de la informacion
dom abr 19 16:04:29 CEST 2015 - traduceXML - Traduce el XML a Fichero con Tabla de Llegadas
dom abr 19 16:04:29 CEST 2015 - Comienza a procesar la imagen
dom abr 19 16:04:29 CEST 2015 - Backup de la informacion
dom abr 19 16:04:31 CEST 2015 - getXML - Recoge el XML del Servidor
dom abr 19 16:05:01 CEST 2015 - getXML - Recoge el XML del Servidor
dom abr 19 16:05:03 CEST 2015 - traduceXML - Traduce el XML a Fichero con Tabla de Llegadas
dom abr 19 16:05:03 CEST 2015 - Comienza a procesar la imagen
dom abr 19 16:05:03 CEST 2015 - Backup de la informacion
dom abr 19 16:05:31 CEST 2015 - getXML - Recoge el XML del Servidor
dom abr 19 16:05:34 CEST 2015 - traduceXML - Traduce el XML a Fichero con Tabla de Llegadas
dom abr 19 16:05:34 CEST 2015 - Comienza a procesar la imagen
dom abr 19 16:05:34 CEST 2015 - Backup de la informacion
dom abr 19 16:06:01 CEST 2015 - getXML - Recoge el XML del Servidor
dom abr 19 16:06:03 CEST 2015 - traduceXML - Traduce el XML a Fichero con Tabla de Llegadas
dom abr 19 16:06:03 CEST 2015 - Comienza a procesar la imagen
dom abr 19 16:06:03 CEST 2015 - Backup de la informacion
dom abr 19 16:06:29 CEST 2015 - traduceXML - Traduce el XML a Fichero con Tabla de Llegadas
dom abr 19 16:06:29 CEST 2015 - Comienza a procesar la imagen
dom abr 19 16:06:29 CEST 2015 - Backup de la informacion
dom abr 19 16:06:31 CEST 2015 - getXML - Recoge el XML del Servidor
dom abr 19 16:07:01 CEST 2015 - getXML - Recoge el XML del Servidor
dom abr 19 16:07:03 CEST 2015 - traduceXML - Traduce el XML a Fichero con Tabla de Llegadas
dom abr 19 16:07:03 CEST 2015 - Comienza a procesar la imagen
dom abr 19 16:07:03 CEST 2015 - Backup de la informacion
dom abr 19 16:07:28 CEST 2015 - traduceXML - Traduce el XML a Fichero con Tabla de Llegadas
dom abr 19 16:07:28 CEST 2015 - Comienza a procesar la imagen
dom abr 19 16:07:28 CEST 2015 - Backup de la informacion
dom abr 19 16:07:31 CEST 2015 - getXML - Recoge el XML del Servidor
dom abr 19 16:08:01 CEST 2015 - getXML - Recoge el XML del Servidor
dom abr 19 16:08:01 CEST 2015 - traduceXML - Traduce el XML a Fichero con Tabla de Llegadas
dom abr 19 16:08:01 CEST 2015 - Comienza a procesar la imagen
dom abr 19 16:08:01 CEST 2015 - Backup de la informacion
dom abr 19 16:08:28 CEST 2015 - traduceXML - Traduce el XML a Fichero con Tabla de Llegadas
dom abr 19 16:08:28 CEST 2015 - Comienza a procesar la imagen
dom abr 19 16:08:28 CEST 2015 - Backup de la informacion
dom abr 19 16:08:31 CEST 2015 - getXML - Recoge el XML del Servidor
dom abr 19 16:09:02 CEST 2015 - getXML - Recoge el XML del Servidor
dom abr 19 16:09:03 CEST 2015 - traduceXML - Traduce el XML a Fichero con Tabla de Llegadas
dom abr 19 16:09:03 CEST 2015 - Comienza a procesar la imagen
dom abr 19 16:09:03 CEST 2015 - Backup de la informacion
dom abr 19 16:09:32 CEST 2015 - getXML - Recoge el XML del Servidor
dom abr 19 16:09:34 CEST 2015 - traduceXML - Traduce el XML a Fichero con Tabla de Llegadas
dom abr 19 16:09:34 CEST 2015 - Comienza a procesar la imagen
dom abr 19 16:09:34 CEST 2015 - Backup de la informacion
dom abr 19 16:10:01 CEST 2015 - getXML - Recoge el XML del Servidor
dom abr 19 16:10:05 CEST 2015 - traduceXML - Traduce el XML a Fichero con Tabla de Llegadas
dom abr 19 16:10:05 CEST 2015 - Comienza a procesar la imagen
dom abr 19 16:10:05 CEST 2015 - Backup de la informacion
dom abr 19 16:10:31 CEST 2015 - getXML - Recoge el XML del Servidor
dom abr 19 16:10:31 CEST 2015 - traduceXML - Traduce el XML a Fichero con Tabla de Llegadas
dom abr 19 16:10:31 CEST 2015 - Comienza a procesar la imagen
dom abr 19 16:10:31 CEST 2015 - Backup de la informacion
dom abr 19 16:11:01 CEST 2015 - getXML - Recoge el XML del Servidor
dom abr 19 16:11:01 CEST 2015 - traduceXML - Traduce el XML a Fichero con Tabla de Llegadas
dom abr 19 16:11:01 CEST 2015 - Comienza a procesar la imagen
dom abr 19 16:11:01 CEST 2015 - Backup de la informacion
dom abr 19 16:11:31 CEST 2015 - getXML - Recoge el XML del Servidor
dom abr 19 16:11:33 CEST 2015 - traduceXML - Traduce el XML a Fichero con Tabla de Llegadas
dom abr 19 16:11:33 CEST 2015 - Comienza a procesar la imagen
dom abr 19 16:11:33 CEST 2015 - Backup de la informacion
dom abr 19 16:12:01 CEST 2015 - getXML - Recoge el XML del Servidor
dom abr 19 16:12:01 CEST 2015 - traduceXML - Traduce el XML a Fichero con Tabla de Llegadas
dom abr 19 16:12:01 CEST 2015 - Comienza a procesar la imagen
dom abr 19 16:12:01 CEST 2015 - Backup de la informacion
dom abr 19 16:12:31 CEST 2015 - traduceXML - Traduce el XML a Fichero con Tabla de Llegadas
dom abr 19 16:12:31 CEST 2015 - Comienza a procesar la imagen
dom abr 19 16:12:31 CEST 2015 - Backup de la informacion
dom abr 19 16:12:31 CEST 2015 - getXML - Recoge el XML del Servidor
dom abr 19 16:13:01 CEST 2015 - getXML - Recoge el XML del Servidor
dom abr 19 16:13:05 CEST 2015 - traduceXML - Traduce el XML a Fichero con Tabla de Llegadas
dom abr 19 16:13:05 CEST 2015 - Comienza a procesar la imagen
dom abr 19 16:13:05 CEST 2015 - Backup de la informacion
dom abr 19 16:13:31 CEST 2015 - getXML - Recoge el XML del Servidor
dom abr 19 16:13:34 CEST 2015 - traduceXML - Traduce el XML a Fichero con Tabla de Llegadas
dom abr 19 16:13:34 CEST 2015 - Comienza a procesar la imagen
dom abr 19 16:13:34 CEST 2015 - Backup de la informacion
dom abr 19 16:14:01 CEST 2015 - getXML - Recoge el XML del Servidor
dom abr 19 16:14:03 CEST 2015 - traduceXML - Traduce el XML a Fichero con Tabla de Llegadas
dom abr 19 16:14:03 CEST 2015 - Comienza a procesar la imagen
dom abr 19 16:14:04 CEST 2015 - Backup de la informacion
dom abr 19 16:14:31 CEST 2015 - getXML - Recoge el XML del Servidor
dom abr 19 16:14:34 CEST 2015 - traduceXML - Traduce el XML a Fichero con Tabla de Llegadas
dom abr 19 16:14:34 CEST 2015 - Comienza a procesar la imagen
dom abr 19 16:14:34 CEST 2015 - Backup de la informacion
dom abr 19 16:15:01 CEST 2015 - getXML - Recoge el XML del Servidor
dom abr 19 16:15:02 CEST 2015 - traduceXML - Traduce el XML a Fichero con Tabla de Llegadas
dom abr 19 16:15:02 CEST 2015 - Comienza a procesar la imagen
dom abr 19 16:15:02 CEST 2015 - Backup de la informacion
dom abr 19 16:15:31 CEST 2015 - getXML - Recoge el XML del Servidor
dom abr 19 16:15:36 CEST 2015 - traduceXML - Traduce el XML a Fichero con Tabla de Llegadas
dom abr 19 16:15:36 CEST 2015 - Comienza a procesar la imagen
dom abr 19 16:15:37 CEST 2015 - Backup de la informacion
dom abr 19 16:16:01 CEST 2015 - getXML - Recoge el XML del Servidor
dom abr 19 16:16:03 CEST 2015 - traduceXML - Traduce el XML a Fichero con Tabla de Llegadas
dom abr 19 16:16:04 CEST 2015 - Comienza a procesar la imagen
dom abr 19 16:16:04 CEST 2015 - Backup de la informacion
dom abr 19 16:16:31 CEST 2015 - getXML - Recoge el XML del Servidor
dom abr 19 16:17:01 CEST 2015 - getXML - Recoge el XML del Servidor
dom abr 19 16:17:16 CEST 2015 - traduceXML - Traduce el XML a Fichero con Tabla de Llegadas
dom abr 19 16:17:16 CEST 2015 - Comienza a procesar la imagen
dom abr 19 16:17:16 CEST 2015 - Backup de la informacion
dom abr 19 16:17:31 CEST 2015 - getXML - Recoge el XML del Servidor
dom abr 19 16:17:46 CEST 2015 - traduceXML - Traduce el XML a Fichero con Tabla de Llegadas
dom abr 19 16:17:46 CEST 2015 - Comienza a procesar la imagen
dom abr 19 16:17:46 CEST 2015 - Backup de la informacion
dom abr 19 16:17:59 CEST 2015 - traduceXML - Traduce el XML a Fichero con Tabla de Llegadas
dom abr 19 16:17:59 CEST 2015 - Comienza a procesar la imagen
dom abr 19 16:17:59 CEST 2015 - Backup de la informacion
dom abr 19 16:18:01 CEST 2015 - getXML - Recoge el XML del Servidor
dom abr 19 16:18:03 CEST 2015 - traduceXML - Traduce el XML a Fichero con Tabla de Llegadas
dom abr 19 16:18:03 CEST 2015 - Comienza a procesar la imagen
dom abr 19 16:18:03 CEST 2015 - Backup de la informacion
dom abr 19 16:18:25 CEST 2015 - traduceXML - Traduce el XML a Fichero con Tabla de Llegadas
dom abr 19 16:18:25 CEST 2015 - Comienza a procesar la imagen
dom abr 19 16:18:25 CEST 2015 - Backup de la informacion
dom abr 19 16:18:31 CEST 2015 - getXML - Recoge el XML del Servidor
dom abr 19 16:19:01 CEST 2015 - getXML - Recoge el XML del Servidor
dom abr 19 16:19:03 CEST 2015 - traduceXML - Traduce el XML a Fichero con Tabla de Llegadas
dom abr 19 16:19:03 CEST 2015 - Comienza a procesar la imagen
dom abr 19 16:19:03 CEST 2015 - Backup de la informacion
dom abr 19 16:19:31 CEST 2015 - getXML - Recoge el XML del Servidor
dom abr 19 16:19:32 CEST 2015 - traduceXML - Traduce el XML a Fichero con Tabla de Llegadas
dom abr 19 16:19:32 CEST 2015 - Comienza a procesar la imagen
dom abr 19 16:19:32 CEST 2015 - Backup de la informacion
dom abr 19 16:20:01 CEST 2015 - traduceXML - Traduce el XML a Fichero con Tabla de Llegadas
dom abr 19 16:20:01 CEST 2015 - Comienza a procesar la imagen
dom abr 19 16:20:01 CEST 2015 - Backup de la informacion
dom abr 19 16:20:01 CEST 2015 - getXML - Recoge el XML del Servidor
dom abr 19 16:20:29 CEST 2015 - traduceXML - Traduce el XML a Fichero con Tabla de Llegadas
dom abr 19 16:20:29 CEST 2015 - Comienza a procesar la imagen
dom abr 19 16:20:29 CEST 2015 - Backup de la informacion
dom abr 19 16:20:31 CEST 2015 - getXML - Recoge el XML del Servidor
dom abr 19 16:21:01 CEST 2015 - getXML - Recoge el XML del Servidor
dom abr 19 16:21:02 CEST 2015 - traduceXML - Traduce el XML a Fichero con Tabla de Llegadas
dom abr 19 16:21:02 CEST 2015 - Comienza a procesar la imagen
dom abr 19 16:21:02 CEST 2015 - Backup de la informacion
dom abr 19 16:21:31 CEST 2015 - getXML - Recoge el XML del Servidor
dom abr 19 16:21:35 CEST 2015 - traduceXML - Traduce el XML a Fichero con Tabla de Llegadas
dom abr 19 16:21:35 CEST 2015 - Comienza a procesar la imagen
dom abr 19 16:21:35 CEST 2015 - Backup de la informacion
dom abr 19 16:22:01 CEST 2015 - getXML - Recoge el XML del Servidor
dom abr 19 16:22:13 CEST 2015 - traduceXML - Traduce el XML a Fichero con Tabla de Llegadas
dom abr 19 16:22:13 CEST 2015 - Comienza a procesar la imagen
dom abr 19 16:22:13 CEST 2015 - Backup de la informacion
dom abr 19 16:22:28 CEST 2015 - traduceXML - Traduce el XML a Fichero con Tabla de Llegadas
dom abr 19 16:22:28 CEST 2015 - Comienza a procesar la imagen
dom abr 19 16:22:28 CEST 2015 - Backup de la informacion
dom abr 19 16:22:31 CEST 2015 - getXML - Recoge el XML del Servidor
dom abr 19 16:23:02 CEST 2015 - getXML - Recoge el XML del Servidor
dom abr 19 16:23:02 CEST 2015 - traduceXML - Traduce el XML a Fichero con Tabla de Llegadas
dom abr 19 16:23:02 CEST 2015 - Comienza a procesar la imagen
dom abr 19 16:23:02 CEST 2015 - Backup de la informacion
dom abr 19 16:23:32 CEST 2015 - getXML - Recoge el XML del Servidor
dom abr 19 16:23:35 CEST 2015 - traduceXML - Traduce el XML a Fichero con Tabla de Llegadas
dom abr 19 16:23:35 CEST 2015 - Comienza a procesar la imagen
dom abr 19 16:23:35 CEST 2015 - Backup de la informacion
dom abr 19 16:23:59 CEST 2015 - traduceXML - Traduce el XML a Fichero con Tabla de Llegadas
dom abr 19 16:23:59 CEST 2015 - Comienza a procesar la imagen
dom abr 19 16:23:59 CEST 2015 - Backup de la informacion
dom abr 19 16:24:01 CEST 2015 - getXML - Recoge el XML del Servidor
dom abr 19 16:24:31 CEST 2015 - getXML - Recoge el XML del Servidor
dom abr 19 16:24:34 CEST 2015 - traduceXML - Traduce el XML a Fichero con Tabla de Llegadas
dom abr 19 16:24:34 CEST 2015 - Comienza a procesar la imagen
dom abr 19 16:24:34 CEST 2015 - Backup de la informacion
dom abr 19 16:25:01 CEST 2015 - getXML - Recoge el XML del Servidor
dom abr 19 16:25:05 CEST 2015 - traduceXML - Traduce el XML a Fichero con Tabla de Llegadas
dom abr 19 16:25:05 CEST 2015 - Comienza a procesar la imagen
dom abr 19 16:25:05 CEST 2015 - Backup de la informacion
dom abr 19 16:25:31 CEST 2015 - getXML - Recoge el XML del Servidor
dom abr 19 16:25:32 CEST 2015 - traduceXML - Traduce el XML a Fichero con Tabla de Llegadas
dom abr 19 16:25:32 CEST 2015 - Comienza a procesar la imagen
dom abr 19 16:25:32 CEST 2015 - Backup de la informacion
dom abr 19 16:26:01 CEST 2015 - getXML - Recoge el XML del Servidor
dom abr 19 16:26:02 CEST 2015 - traduceXML - Traduce el XML a Fichero con Tabla de Llegadas
dom abr 19 16:26:02 CEST 2015 - Comienza a procesar la imagen
dom abr 19 16:26:02 CEST 2015 - Backup de la informacion
dom abr 19 16:26:31 CEST 2015 - getXML - Recoge el XML del Servidor
dom abr 19 16:26:34 CEST 2015 - traduceXML - Traduce el XML a Fichero con Tabla de Llegadas
dom abr 19 16:26:34 CEST 2015 - Comienza a procesar la imagen
dom abr 19 16:26:34 CEST 2015 - Backup de la informacion
dom abr 19 16:27:01 CEST 2015 - getXML - Recoge el XML del Servidor
dom abr 19 16:27:05 CEST 2015 - traduceXML - Traduce el XML a Fichero con Tabla de Llegadas
dom abr 19 16:27:06 CEST 2015 - Comienza a procesar la imagen
dom abr 19 16:27:06 CEST 2015 - Backup de la informacion
dom abr 19 16:27:31 CEST 2015 - getXML - Recoge el XML del Servidor
dom abr 19 16:27:59 CEST 2015 - traduceXML - Traduce el XML a Fichero con Tabla de Llegadas
dom abr 19 16:27:59 CEST 2015 - Comienza a procesar la imagen
dom abr 19 16:27:59 CEST 2015 - Backup de la informacion
dom abr 19 16:28:01 CEST 2015 - getXML - Recoge el XML del Servidor
dom abr 19 16:28:13 CEST 2015 - traduceXML - Traduce el XML a Fichero con Tabla de Llegadas
dom abr 19 16:28:13 CEST 2015 - Comienza a procesar la imagen
dom abr 19 16:28:13 CEST 2015 - Backup de la informacion
dom abr 19 16:28:31 CEST 2015 - getXML - Recoge el XML del Servidor
dom abr 19 16:28:36 CEST 2015 - traduceXML - Traduce el XML a Fichero con Tabla de Llegadas
dom abr 19 16:28:36 CEST 2015 - Comienza a procesar la imagen
dom abr 19 16:28:36 CEST 2015 - Backup de la informacion
dom abr 19 16:29:01 CEST 2015 - traduceXML - Traduce el XML a Fichero con Tabla de Llegadas
dom abr 19 16:29:01 CEST 2015 - Comienza a procesar la imagen
dom abr 19 16:29:01 CEST 2015 - Backup de la informacion
dom abr 19 16:29:01 CEST 2015 - getXML - Recoge el XML del Servidor
dom abr 19 16:29:31 CEST 2015 - getXML - Recoge el XML del Servidor
dom abr 19 16:29:35 CEST 2015 - traduceXML - Traduce el XML a Fichero con Tabla de Llegadas
dom abr 19 16:29:35 CEST 2015 - Comienza a procesar la imagen
dom abr 19 16:29:35 CEST 2015 - Backup de la informacion
dom abr 19 16:30:01 CEST 2015 - getXML - Recoge el XML del Servidor
dom abr 19 16:30:07 CEST 2015 - traduceXML - Traduce el XML a Fichero con Tabla de Llegadas
dom abr 19 16:30:07 CEST 2015 - Comienza a procesar la imagen
dom abr 19 16:30:07 CEST 2015 - Backup de la informacion
dom abr 19 16:30:28 CEST 2015 - traduceXML - Traduce el XML a Fichero con Tabla de Llegadas
dom abr 19 16:30:28 CEST 2015 - Comienza a procesar la imagen
dom abr 19 16:30:28 CEST 2015 - Backup de la informacion
dom abr 19 16:30:31 CEST 2015 - getXML - Recoge el XML del Servidor
dom abr 19 16:31:01 CEST 2015 - getXML - Recoge el XML del Servidor
dom abr 19 16:31:02 CEST 2015 - traduceXML - Traduce el XML a Fichero con Tabla de Llegadas
dom abr 19 16:31:02 CEST 2015 - Comienza a procesar la imagen
dom abr 19 16:31:02 CEST 2015 - Backup de la informacion
dom abr 19 16:31:31 CEST 2015 - getXML - Recoge el XML del Servidor
dom abr 19 16:31:39 CEST 2015 - traduceXML - Traduce el XML a Fichero con Tabla de Llegadas
dom abr 19 16:31:39 CEST 2015 - Comienza a procesar la imagen
dom abr 19 16:31:39 CEST 2015 - Backup de la informacion
dom abr 19 16:32:01 CEST 2015 - getXML - Recoge el XML del Servidor
dom abr 19 16:32:06 CEST 2015 - traduceXML - Traduce el XML a Fichero con Tabla de Llegadas
dom abr 19 16:32:06 CEST 2015 - Comienza a procesar la imagen
dom abr 19 16:32:06 CEST 2015 - Backup de la informacion
dom abr 19 16:32:31 CEST 2015 - getXML - Recoge el XML del Servidor
dom abr 19 16:33:01 CEST 2015 - getXML - Recoge el XML del Servidor
dom abr 19 16:33:04 CEST 2015 - traduceXML - Traduce el XML a Fichero con Tabla de Llegadas
dom abr 19 16:33:04 CEST 2015 - Comienza a procesar la imagen
dom abr 19 16:33:04 CEST 2015 - Backup de la informacion
dom abr 19 16:33:31 CEST 2015 - getXML - Recoge el XML del Servidor
dom abr 19 16:33:33 CEST 2015 - traduceXML - Traduce el XML a Fichero con Tabla de Llegadas
dom abr 19 16:33:33 CEST 2015 - Comienza a procesar la imagen
dom abr 19 16:33:33 CEST 2015 - Backup de la informacion
dom abr 19 16:34:12 CEST 2015 - traduceXML - Traduce el XML a Fichero con Tabla de Llegadas
dom abr 19 16:34:12 CEST 2015 - Comienza a procesar la imagen
dom abr 19 16:34:12 CEST 2015 - Backup de la informacion
dom abr 19 16:34:31 CEST 2015 - traduceXML - Traduce el XML a Fichero con Tabla de Llegadas
dom abr 19 16:34:31 CEST 2015 - Comienza a procesar la imagen
dom abr 19 16:34:31 CEST 2015 - Backup de la informacion
dom abr 19 17:21:01 CEST 2015 - getXML - Recoge el XML del Servidor
dom abr 19 17:21:01 CEST 2015 - traduceXML - Traduce el XML a Fichero con Tabla de Llegadas
dom abr 19 17:21:01 CEST 2015 - Comienza a procesar la imagen
dom abr 19 17:21:01 CEST 2015 - Backup de la informacion
dom abr 19 17:21:31 CEST 2015 - getXML - Recoge el XML del Servidor
dom abr 19 17:21:31 CEST 2015 - traduceXML - Traduce el XML a Fichero con Tabla de Llegadas
dom abr 19 17:21:31 CEST 2015 - Comienza a procesar la imagen
dom abr 19 17:21:31 CEST 2015 - Backup de la informacion
dom abr 19 17:22:01 CEST 2015 - getXML - Recoge el XML del Servidor
dom abr 19 17:22:01 CEST 2015 - traduceXML - Traduce el XML a Fichero con Tabla de Llegadas
dom abr 19 17:22:01 CEST 2015 - Comienza a procesar la imagen
dom abr 19 17:22:01 CEST 2015 - Backup de la informacion
dom abr 19 17:22:31 CEST 2015 - getXML - Recoge el XML del Servidor
dom abr 19 17:22:31 CEST 2015 - traduceXML - Traduce el XML a Fichero con Tabla de Llegadas
dom abr 19 17:22:31 CEST 2015 - Comienza a procesar la imagen
dom abr 19 17:22:31 CEST 2015 - Backup de la informacion
dom abr 19 17:23:01 CEST 2015 - getXML - Recoge el XML del Servidor
dom abr 19 17:23:01 CEST 2015 - traduceXML - Traduce el XML a Fichero con Tabla de Llegadas
dom abr 19 17:23:01 CEST 2015 - Comienza a procesar la imagen
dom abr 19 17:23:01 CEST 2015 - Backup de la informacion
dom abr 19 17:23:31 CEST 2015 - getXML - Recoge el XML del Servidor
dom abr 19 17:23:31 CEST 2015 - traduceXML - Traduce el XML a Fichero con Tabla de Llegadas
dom abr 19 17:23:31 CEST 2015 - Comienza a procesar la imagen
dom abr 19 17:23:31 CEST 2015 - Backup de la informacion
dom abr 19 17:24:01 CEST 2015 - getXML - Recoge el XML del Servidor
dom abr 19 17:24:01 CEST 2015 - traduceXML - Traduce el XML a Fichero con Tabla de Llegadas
dom abr 19 17:24:01 CEST 2015 - Comienza a procesar la imagen
dom abr 19 17:24:01 CEST 2015 - Backup de la informacion
dom abr 19 17:24:31 CEST 2015 - getXML - Recoge el XML del Servidor
dom abr 19 17:24:31 CEST 2015 - traduceXML - Traduce el XML a Fichero con Tabla de Llegadas
dom abr 19 17:24:31 CEST 2015 - Comienza a procesar la imagen
dom abr 19 17:24:31 CEST 2015 - Backup de la informacion
dom abr 19 17:25:01 CEST 2015 - getXML - Recoge el XML del Servidor
dom abr 19 17:25:01 CEST 2015 - traduceXML - Traduce el XML a Fichero con Tabla de Llegadas
dom abr 19 17:25:02 CEST 2015 - Comienza a procesar la imagen
dom abr 19 17:25:02 CEST 2015 - Backup de la informacion
dom abr 19 17:25:31 CEST 2015 - getXML - Recoge el XML del Servidor
dom abr 19 17:25:31 CEST 2015 - traduceXML - Traduce el XML a Fichero con Tabla de Llegadas
dom abr 19 17:25:32 CEST 2015 - Comienza a procesar la imagen
dom abr 19 17:25:32 CEST 2015 - Backup de la informacion
dom abr 19 17:26:01 CEST 2015 - getXML - Recoge el XML del Servidor
dom abr 19 17:26:01 CEST 2015 - traduceXML - Traduce el XML a Fichero con Tabla de Llegadas
dom abr 19 17:26:01 CEST 2015 - Comienza a procesar la imagen
dom abr 19 17:26:01 CEST 2015 - Backup de la informacion
dom abr 19 17:26:31 CEST 2015 - getXML - Recoge el XML del Servidor
dom abr 19 17:26:31 CEST 2015 - traduceXML - Traduce el XML a Fichero con Tabla de Llegadas
dom abr 19 17:26:31 CEST 2015 - Comienza a procesar la imagen
dom abr 19 17:26:31 CEST 2015 - Backup de la informacion
dom abr 19 17:27:01 CEST 2015 - getXML - Recoge el XML del Servidor
dom abr 19 17:27:01 CEST 2015 - traduceXML - Traduce el XML a Fichero con Tabla de Llegadas
dom abr 19 17:27:01 CEST 2015 - Comienza a procesar la imagen
dom abr 19 17:27:01 CEST 2015 - Backup de la informacion
dom abr 19 17:27:31 CEST 2015 - getXML - Recoge el XML del Servidor
dom abr 19 17:27:31 CEST 2015 - traduceXML - Traduce el XML a Fichero con Tabla de Llegadas
dom abr 19 17:27:31 CEST 2015 - Comienza a procesar la imagen
dom abr 19 17:27:31 CEST 2015 - Backup de la informacion
dom abr 19 17:28:01 CEST 2015 - getXML - Recoge el XML del Servidor
dom abr 19 17:28:01 CEST 2015 - traduceXML - Traduce el XML a Fichero con Tabla de Llegadas
dom abr 19 17:28:01 CEST 2015 - Comienza a procesar la imagen
dom abr 19 17:28:01 CEST 2015 - Backup de la informacion
dom abr 19 17:28:31 CEST 2015 - getXML - Recoge el XML del Servidor
dom abr 19 17:28:31 CEST 2015 - traduceXML - Traduce el XML a Fichero con Tabla de Llegadas
dom abr 19 17:28:31 CEST 2015 - Comienza a procesar la imagen
dom abr 19 17:28:31 CEST 2015 - Backup de la informacion
dom abr 19 17:29:01 CEST 2015 - getXML - Recoge el XML del Servidor
dom abr 19 17:29:01 CEST 2015 - traduceXML - Traduce el XML a Fichero con Tabla de Llegadas
dom abr 19 17:29:01 CEST 2015 - Comienza a procesar la imagen
dom abr 19 17:29:01 CEST 2015 - Backup de la informacion
dom abr 19 17:29:31 CEST 2015 - getXML - Recoge el XML del Servidor
dom abr 19 17:29:31 CEST 2015 - traduceXML - Traduce el XML a Fichero con Tabla de Llegadas
dom abr 19 17:29:31 CEST 2015 - Comienza a procesar la imagen
dom abr 19 17:29:31 CEST 2015 - Backup de la informacion
dom abr 19 17:30:01 CEST 2015 - getXML - Recoge el XML del Servidor
dom abr 19 17:30:01 CEST 2015 - traduceXML - Traduce el XML a Fichero con Tabla de Llegadas
dom abr 19 17:30:01 CEST 2015 - Comienza a procesar la imagen
dom abr 19 17:30:01 CEST 2015 - Backup de la informacion
dom abr 19 17:30:31 CEST 2015 - getXML - Recoge el XML del Servidor
dom abr 19 17:30:31 CEST 2015 - traduceXML - Traduce el XML a Fichero con Tabla de Llegadas
dom abr 19 17:30:31 CEST 2015 - Comienza a procesar la imagen
dom abr 19 17:30:31 CEST 2015 - Backup de la informacion
dom abr 19 17:31:01 CEST 2015 - getXML - Recoge el XML del Servidor
dom abr 19 17:31:01 CEST 2015 - traduceXML - Traduce el XML a Fichero con Tabla de Llegadas
dom abr 19 17:31:01 CEST 2015 - Comienza a procesar la imagen
dom abr 19 17:31:01 CEST 2015 - Backup de la informacion
dom abr 19 17:31:31 CEST 2015 - getXML - Recoge el XML del Servidor
dom abr 19 17:31:31 CEST 2015 - traduceXML - Traduce el XML a Fichero con Tabla de Llegadas
dom abr 19 17:31:31 CEST 2015 - Comienza a procesar la imagen
dom abr 19 17:31:31 CEST 2015 - Backup de la informacion
dom abr 19 17:32:01 CEST 2015 - getXML - Recoge el XML del Servidor
dom abr 19 17:32:01 CEST 2015 - traduceXML - Traduce el XML a Fichero con Tabla de Llegadas
dom abr 19 17:32:01 CEST 2015 - Comienza a procesar la imagen
dom abr 19 17:32:01 CEST 2015 - Backup de la informacion
dom abr 19 17:32:31 CEST 2015 - getXML - Recoge el XML del Servidor
dom abr 19 17:32:31 CEST 2015 - traduceXML - Traduce el XML a Fichero con Tabla de Llegadas
dom abr 19 17:32:31 CEST 2015 - Comienza a procesar la imagen
dom abr 19 17:32:31 CEST 2015 - Backup de la informacion
